{"numTotalTestSuites":253,"numPassedTestSuites":241,"numFailedTestSuites":12,"numPendingTestSuites":0,"numTotalTests":756,"numPassedTests":733,"numFailedTests":23,"numPendingTests":0,"numTodoTests":0,"snapshot":{"added":0,"failure":false,"filesAdded":0,"filesRemoved":0,"filesRemovedList":[],"filesUnmatched":0,"filesUpdated":0,"matched":0,"total":0,"unchecked":0,"uncheckedKeysByFile":[],"unmatched":0,"updated":0,"didUpdate":false},"startTime":1785316100267,"success":false,"testResults":[{"assertionResults":[{"ancestorTitles":["API Client","token management"],"fullName":"API Client token management hasApiKey returns false when no token","status":"passed","title":"hasApiKey returns false when no token","duration":3.6224999999999454,"failureMessages":[],"meta":{}},{"ancestorTitles":["API Client","token management"],"fullName":"API Client token management hasApiKey returns true after setApiKey","status":"passed","title":"hasApiKey returns true after setApiKey","duration":0.7130000000001928,"failureMessages":[],"meta":{}},{"ancestorTitles":["API Client","token management"],"fullName":"API Client token management getApiKey returns the stored token","status":"passed","title":"getApiKey returns the stored token","duration":0.5601000000001477,"failureMessages":[],"meta":{}},{"ancestorTitles":["API Client","token management"],"fullName":"API Client token management clearApiKey removes the token","status":"passed","title":"clearApiKey removes the token","duration":0.5248999999998887,"failureMessages":[],"meta":{}},{"ancestorTitles":["API Client","token management"],"fullName":"API Client token management reads the role from the stored JWT payload","status":"passed","title":"reads the role from the stored JWT payload","duration":0.9611999999997352,"failureMessages":[],"meta":{}},{"ancestorTitles":["API Client","request"],"fullName":"API Client request adds Authorization header when token exists","status":"passed","title":"adds Authorization header when token exists","duration":1.1006999999999607,"failureMessages":[],"meta":{}},{"ancestorTitles":["API Client","request"],"fullName":"API Client request adds the active profile header, including default","status":"passed","title":"adds the active profile header, including default","duration":2.098700000000008,"failureMessages":[],"meta":{}},{"ancestorTitles":["API Client","request"],"fullName":"API Client request does not add the active profile header to profile-wide session collection requests","status":"passed","title":"does not add the active profile header to profile-wide session collection requests","duration":0.965900000000147,"failureMessages":[],"meta":{}},{"ancestorTitles":["API Client","request"],"fullName":"API Client request does not add Authorization header when no token","status":"passed","title":"does not add Authorization header when no token","duration":0.4434000000001106,"failureMessages":[],"meta":{}},{"ancestorTitles":["API Client","request"],"fullName":"API Client request clears token and redirects on 401 for local BFF endpoints","status":"passed","title":"clears token and redirects on 401 for local BFF endpoints","duration":5.983000000000175,"failureMessages":[],"meta":{}},{"ancestorTitles":["API Client","request"],"fullName":"API Client request emits a global auth notice on local 403 responses","status":"passed","title":"emits a global auth notice on local 403 responses","duration":2.2733000000002903,"failureMessages":[],"meta":{}},{"ancestorTitles":["API Client","request"],"fullName":"API Client request clears token and redirects when the JWT user no longer exists","status":"passed","title":"clears token and redirects when the JWT user no longer exists","duration":1.6120999999998276,"failureMessages":[],"meta":{}},{"ancestorTitles":["API Client","request"],"fullName":"API Client request does NOT clear token on 401 for proxied v1 endpoints","status":"passed","title":"does NOT clear token on 401 for proxied v1 endpoints","duration":1.0877000000000407,"failureMessages":[],"meta":{}},{"ancestorTitles":["API Client","request"],"fullName":"API Client request throws error on non-401 failure","status":"passed","title":"throws error on non-401 failure","duration":0.5563999999999396,"failureMessages":[],"meta":{}},{"ancestorTitles":["API Client","request"],"fullName":"API Client request extracts nested JSON error messages instead of stringifying objects","status":"passed","title":"extracts nested JSON error messages instead of stringifying objects","duration":0.5395999999996093,"failureMessages":[],"meta":{}},{"ancestorTitles":["API Client","request"],"fullName":"API Client request returns parsed JSON on success","status":"passed","title":"returns parsed JSON on success","duration":0.32609999999976935,"failureMessages":[],"meta":{}},{"ancestorTitles":["API Client","download URLs"],"fullName":"API Client download URLs adds the active profile selector to direct download URLs","status":"passed","title":"adds the active profile selector to direct download URLs","duration":2.7613000000001193,"failureMessages":[],"meta":{}},{"ancestorTitles":["API Client","download URLs"],"fullName":"API Client download URLs uses an explicit profile selector for direct download URLs","status":"passed","title":"uses an explicit profile selector for direct download URLs","duration":1.572400000000016,"failureMessages":[],"meta":{}},{"ancestorTitles":["API Client","download URLs"],"fullName":"API Client download URLs handles raw percent signs in download paths and filenames","status":"passed","title":"handles raw percent signs in download paths and filenames","duration":1.1063999999996668,"failureMessages":[],"meta":{}},{"ancestorTitles":["API Client","download URLs"],"fullName":"API Client download URLs uses the target basename when a supplied download label has no extension","status":"passed","title":"uses the target basename when a supplied download label has no extension","duration":1.096299999999701,"failureMessages":[],"meta":{}},{"ancestorTitles":["API Client","download URLs"],"fullName":"API Client download URLs preserves explicit custom download names that already include an extension","status":"passed","title":"preserves explicit custom download names that already include an extension","duration":0.7275999999997111,"failureMessages":[],"meta":{}},{"ancestorTitles":["API Client","download URLs"],"fullName":"API Client download URLs sets the browser download name from the path when the label has no extension","status":"passed","title":"sets the browser download name from the path when the label has no extension","duration":8.204999999999927,"failureMessages":[],"meta":{}},{"ancestorTitles":["API Client","download URLs"],"fullName":"API Client download URLs exports sessions when the response filename contains a raw percent sign","status":"passed","title":"exports sessions when the response filename contains a raw percent sign","duration":11.88130000000001,"failureMessages":[],"meta":{}},{"ancestorTitles":["API Client","file upload"],"fullName":"API Client file upload adds auth and active profile headers to multipart uploads","status":"passed","title":"adds auth and active profile headers to multipart uploads","duration":2.4347999999999956,"failureMessages":[],"meta":{}},{"ancestorTitles":["API Client","file upload"],"fullName":"API Client file upload uses an explicit profile selector instead of the active profile header","status":"passed","title":"uses an explicit profile selector instead of the active profile header","duration":0.7721999999998843,"failureMessages":[],"meta":{}},{"ancestorTitles":["API Client","file upload"],"fullName":"API Client file upload adds auth and active profile headers when importing skills","status":"passed","title":"adds auth and active profile headers when importing skills","duration":1.1604999999999563,"failureMessages":[],"meta":{}},{"ancestorTitles":["API Client","sessions API"],"fullName":"API Client sessions API sends profile-qualified targets for batch deletes","status":"passed","title":"sends profile-qualified targets for batch deletes","duration":1.380500000000211,"failureMessages":[],"meta":{}},{"ancestorTitles":["API Client","sessions API"],"fullName":"API Client sessions API sends the profile selector when importing a Hermes session","status":"passed","title":"sends the profile selector when importing a Hermes session","duration":0.7134000000000924,"failureMessages":[],"meta":{}},{"ancestorTitles":["API Client","sessions API"],"fullName":"API Client sessions API archives a session through the local session endpoint","status":"passed","title":"archives a session through the local session endpoint","duration":0.529700000000048,"failureMessages":[],"meta":{}},{"ancestorTitles":["API Client","sessions API"],"fullName":"API Client sessions API unarchives a session through the local session endpoint","status":"passed","title":"unarchives a session through the local session endpoint","duration":0.5014999999998508,"failureMessages":[],"meta":{}}],"startTime":1785316122737,"endTime":1785316122797.5015,"status":"passed","message":"","name":"G:/AIproject/longxia_keli/hermes-web-ui/tests/client/api.test.ts"},{"assertionResults":[{"ancestorTitles":["App Store"],"fullName":"App Store persists desktop sidebar collapsed state to localStorage","status":"passed","title":"persists desktop sidebar collapsed state to localStorage","duration":9.697400000000016,"failureMessages":[],"meta":{}},{"ancestorTitles":["App Store"],"fullName":"App Store loads model visibility and falls back when the configured default is hidden","status":"passed","title":"loads model visibility and falls back when the configured default is hidden","duration":4.506900000000314,"failureMessages":[],"meta":{}},{"ancestorTitles":["App Store"],"fullName":"App Store loads aliases while falling back from a hidden default without rehydrating it as custom","status":"passed","title":"loads aliases while falling back from a hidden default without rehydrating it as custom","duration":2.2427999999999884,"failureMessages":[],"meta":{}},{"ancestorTitles":["App Store"],"fullName":"App Store persists model visibility without changing the canonical selected model id","status":"passed","title":"persists model visibility without changing the canonical selected model id","duration":3.7764000000001943,"failureMessages":[],"meta":{}},{"ancestorTitles":["App Store"],"fullName":"App Store marks the client stale when the served Web UI version changes","status":"passed","title":"marks the client stale when the served Web UI version changes","duration":3.2026999999998225,"failureMessages":[],"meta":{}},{"ancestorTitles":["App Store"],"fullName":"App Store stores update capability warnings from the dedicated capabilities endpoint","status":"passed","title":"stores update capability warnings from the dedicated capabilities endpoint","duration":2.75400000000036,"failureMessages":[],"meta":{}},{"ancestorTitles":["App Store"],"fullName":"App Store waits for the restarted server after triggering self-update","status":"passed","title":"waits for the restarted server after triggering self-update","duration":6.508200000000215,"failureMessages":[],"meta":{}},{"ancestorTitles":["App Store"],"fullName":"App Store keeps polling slow self-updates past the old 10 minute timeout before failing","status":"passed","title":"keeps polling slow self-updates past the old 10 minute timeout before failing","duration":80.22940000000017,"failureMessages":[],"meta":{}},{"ancestorTitles":["App Store"],"fullName":"App Store does not mark the client stale when the served Web UI version matches this bundle","status":"passed","title":"does not mark the client stale when the served Web UI version matches this bundle","duration":3.584599999999682,"failureMessages":[],"meta":{}},{"ancestorTitles":["App Store"],"fullName":"App Store clears a stale failed update status through the store action","status":"passed","title":"clears a stale failed update status through the store action","duration":14.6567,"failureMessages":[],"meta":{}},{"ancestorTitles":["App Store"],"fullName":"App Store records Docker runtime state from the health response","status":"passed","title":"records Docker runtime state from the health response","duration":1.1969999999996617,"failureMessages":[],"meta":{}},{"ancestorTitles":["App Store"],"fullName":"App Store clears the updating state and reports failure when self-update request fails","status":"passed","title":"clears the updating state and reports failure when self-update request fails","duration":3.8732999999997446,"failureMessages":[],"meta":{}},{"ancestorTitles":["App Store"],"fullName":"App Store loads model aliases and resolves display names without changing canonical IDs","status":"passed","title":"loads model aliases and resolves display names without changing canonical IDs","duration":1.4638999999997395,"failureMessages":[],"meta":{}},{"ancestorTitles":["App Store"],"fullName":"App Store selects the browser active profile default instead of the aggregate response default","status":"passed","title":"selects the browser active profile default instead of the aggregate response default","duration":1.5527999999999338,"failureMessages":[],"meta":{}},{"ancestorTitles":["App Store"],"fullName":"App Store does not refetch available models within the cache window after an empty response","status":"passed","title":"does not refetch available models within the cache window after an empty response","duration":1.1808999999998377,"failureMessages":[],"meta":{}},{"ancestorTitles":["App Store"],"fullName":"App Store keeps the manually selected model on refresh with preserveSelection when it still exists","status":"passed","title":"keeps the manually selected model on refresh with preserveSelection when it still exists","duration":2.598399999999856,"failureMessages":[],"meta":{}},{"ancestorTitles":["App Store"],"fullName":"App Store falls back to the config default on refresh when the selected model disappeared","status":"passed","title":"falls back to the config default on refresh when the selected model disappeared","duration":1.4567000000001826,"failureMessages":[],"meta":{}},{"ancestorTitles":["App Store"],"fullName":"App Store waits only up to the run timeout for the first available models request","status":"passed","title":"waits only up to the run timeout for the first available models request","duration":2.3087000000000444,"failureMessages":[],"meta":{}},{"ancestorTitles":["App Store"],"fullName":"App Store keeps aliases scoped to their provider when model IDs overlap","status":"passed","title":"keeps aliases scoped to their provider when model IDs overlap","duration":1.2285999999999149,"failureMessages":[],"meta":{}},{"ancestorTitles":["App Store"],"fullName":"App Store rehydrates an active unlisted default model as removable after loading models","status":"passed","title":"rehydrates an active unlisted default model as removable after loading models","duration":1.2615000000000691,"failureMessages":[],"meta":{}},{"ancestorTitles":["App Store"],"fullName":"App Store loads persisted custom models from the server response","status":"passed","title":"loads persisted custom models from the server response","duration":1.2193999999999505,"failureMessages":[],"meta":{}},{"ancestorTitles":["App Store"],"fullName":"App Store saves and clears model aliases via the Web UI-only alias API","status":"passed","title":"saves and clears model aliases via the Web UI-only alias API","duration":1.6050000000000182,"failureMessages":[],"meta":{}},{"ancestorTitles":["App Store"],"fullName":"App Store removes an unlisted custom model and falls back to a listed model when active","status":"passed","title":"removes an unlisted custom model and falls back to a listed model when active","duration":2.4984999999996944,"failureMessages":[],"meta":{}},{"ancestorTitles":["App Store"],"fullName":"App Store removes deleted custom models from loaded model groups immediately","status":"passed","title":"removes deleted custom models from loaded model groups immediately","duration":1.5266999999998916,"failureMessages":[],"meta":{}}],"startTime":1785316117674,"endTime":1785316117830.5266,"status":"passed","message":"","name":"G:/AIproject/longxia_keli/hermes-web-ui/tests/client/app-store.test.ts"},{"assertionResults":[{"ancestorTitles":["App web pet mounting"],"fullName":"App web pet mounting mounts the web pet in the browser web app","status":"failed","title":"mounts the web pet in the browser web app","duration":348.26780000000144,"failureMessages":["Error: [🍍]: \"getActivePinia()\" was called but there was no active Pinia. Are you trying to use a store before calling \"app.use(pinia)\"?\nSee https://pinia.vuejs.org/core-concepts/outside-component-usage.html for help.\nThis will fail in production.\n    at useStore (file:///G:/AIproject/longxia_keli/hermes-web-ui/node_modules/pinia/dist/pinia.mjs:1706:19)\n    at useUSBStream (G:\\AIproject\\longxia_keli\\hermes-web-ui\\packages\\client\\src\\composables\\useUSBStream.ts:49:17)\n    at setup (G:\\AIproject\\longxia_keli\\hermes-web-ui\\packages\\client\\src\\components\\hermes\\usb\\USBEventBridge.vue:13:18)\n    at callWithErrorHandling (G:\\AIproject\\longxia_keli\\hermes-web-ui\\node_modules\\@vue\\runtime-core\\dist\\runtime-core.cjs.js:200:19)\n    at setupStatefulComponent (G:\\AIproject\\longxia_keli\\hermes-web-ui\\node_modules\\@vue\\runtime-core\\dist\\runtime-core.cjs.js:8082:25)\n    at setupComponent (G:\\AIproject\\longxia_keli\\hermes-web-ui\\node_modules\\@vue\\runtime-core\\dist\\runtime-core.cjs.js:8044:36)\n    at mountComponent (G:\\AIproject\\longxia_keli\\hermes-web-ui\\node_modules\\@vue\\runtime-core\\dist\\runtime-core.cjs.js:5958:7)\n    at processComponent (G:\\AIproject\\longxia_keli\\hermes-web-ui\\node_modules\\@vue\\runtime-core\\dist\\runtime-core.cjs.js:5924:9)\n    at patch (G:\\AIproject\\longxia_keli\\hermes-web-ui\\node_modules\\@vue\\runtime-core\\dist\\runtime-core.cjs.js:5434:11)\n    at mountChildren (G:\\AIproject\\longxia_keli\\hermes-web-ui\\node_modules\\@vue\\runtime-core\\dist\\runtime-core.cjs.js:5685:7)"],"meta":{}},{"ancestorTitles":["App web pet mounting"],"fullName":"App web pet mounting does not mount the web pet in the Electron desktop shell","status":"failed","title":"does not mount the web pet in the Electron desktop shell","duration":14.026200000000244,"failureMessages":["Error: [🍍]: \"getActivePinia()\" was called but there was no active Pinia. Are you trying to use a store before calling \"app.use(pinia)\"?\nSee https://pinia.vuejs.org/core-concepts/outside-component-usage.html for help.\nThis will fail in production.\n    at useStore (file:///G:/AIproject/longxia_keli/hermes-web-ui/node_modules/pinia/dist/pinia.mjs:1706:19)\n    at useUSBStream (G:\\AIproject\\longxia_keli\\hermes-web-ui\\packages\\client\\src\\composables\\useUSBStream.ts:49:17)\n    at setup (G:\\AIproject\\longxia_keli\\hermes-web-ui\\packages\\client\\src\\components\\hermes\\usb\\USBEventBridge.vue:13:18)\n    at callWithErrorHandling (G:\\AIproject\\longxia_keli\\hermes-web-ui\\node_modules\\@vue\\runtime-core\\dist\\runtime-core.cjs.js:200:19)\n    at setupStatefulComponent (G:\\AIproject\\longxia_keli\\hermes-web-ui\\node_modules\\@vue\\runtime-core\\dist\\runtime-core.cjs.js:8082:25)\n    at setupComponent (G:\\AIproject\\longxia_keli\\hermes-web-ui\\node_modules\\@vue\\runtime-core\\dist\\runtime-core.cjs.js:8044:36)\n    at mountComponent (G:\\AIproject\\longxia_keli\\hermes-web-ui\\node_modules\\@vue\\runtime-core\\dist\\runtime-core.cjs.js:5958:7)\n    at processComponent (G:\\AIproject\\longxia_keli\\hermes-web-ui\\node_modules\\@vue\\runtime-core\\dist\\runtime-core.cjs.js:5924:9)\n    at patch (G:\\AIproject\\longxia_keli\\hermes-web-ui\\node_modules\\@vue\\runtime-core\\dist\\runtime-core.cjs.js:5434:11)\n    at mountChildren (G:\\AIproject\\longxia_keli\\hermes-web-ui\\node_modules\\@vue\\runtime-core\\dist\\runtime-core.cjs.js:5685:7)"],"meta":{}},{"ancestorTitles":["App web pet mounting"],"fullName":"App web pet mounting does not duplicate the web pet on the dedicated desktop pet route","status":"failed","title":"does not duplicate the web pet on the dedicated desktop pet route","duration":6.882400000002235,"failureMessages":["Error: [🍍]: \"getActivePinia()\" was called but there was no active Pinia. Are you trying to use a store before calling \"app.use(pinia)\"?\nSee https://pinia.vuejs.org/core-concepts/outside-component-usage.html for help.\nThis will fail in production.\n    at useStore (file:///G:/AIproject/longxia_keli/hermes-web-ui/node_modules/pinia/dist/pinia.mjs:1706:19)\n    at useUSBStream (G:\\AIproject\\longxia_keli\\hermes-web-ui\\packages\\client\\src\\composables\\useUSBStream.ts:49:17)\n    at setup (G:\\AIproject\\longxia_keli\\hermes-web-ui\\packages\\client\\src\\components\\hermes\\usb\\USBEventBridge.vue:13:18)\n    at callWithErrorHandling (G:\\AIproject\\longxia_keli\\hermes-web-ui\\node_modules\\@vue\\runtime-core\\dist\\runtime-core.cjs.js:200:19)\n    at setupStatefulComponent (G:\\AIproject\\longxia_keli\\hermes-web-ui\\node_modules\\@vue\\runtime-core\\dist\\runtime-core.cjs.js:8082:25)\n    at setupComponent (G:\\AIproject\\longxia_keli\\hermes-web-ui\\node_modules\\@vue\\runtime-core\\dist\\runtime-core.cjs.js:8044:36)\n    at mountComponent (G:\\AIproject\\longxia_keli\\hermes-web-ui\\node_modules\\@vue\\runtime-core\\dist\\runtime-core.cjs.js:5958:7)\n    at processComponent (G:\\AIproject\\longxia_keli\\hermes-web-ui\\node_modules\\@vue\\runtime-core\\dist\\runtime-core.cjs.js:5924:9)\n    at patch (G:\\AIproject\\longxia_keli\\hermes-web-ui\\node_modules\\@vue\\runtime-core\\dist\\runtime-core.cjs.js:5434:11)\n    at mountChildren (G:\\AIproject\\longxia_keli\\hermes-web-ui\\node_modules\\@vue\\runtime-core\\dist\\runtime-core.cjs.js:5685:7)"],"meta":{}}],"startTime":1785316117698,"endTime":1785316118071.8823,"status":"failed","message":"","name":"G:/AIproject/longxia_keli/hermes-web-ui/tests/client/app-web-pet.test.ts"},{"assertionResults":[{"ancestorTitles":["client auth API: avatar endpoints","fetchMyAvatar"],"fullName":"client auth API: avatar endpoints fetchMyAvatar returns null when the server responds with an empty avatar string","status":"passed","title":"returns null when the server responds with an empty avatar string","duration":7.810399999999845,"failureMessages":[],"meta":{}},{"ancestorTitles":["client auth API: avatar endpoints","fetchMyAvatar"],"fullName":"client auth API: avatar endpoints fetchMyAvatar returns null when the server returns an unparseable JSON string","status":"passed","title":"returns null when the server returns an unparseable JSON string","duration":0.8081999999999425,"failureMessages":[],"meta":{}},{"ancestorTitles":["client auth API: avatar endpoints","fetchMyAvatar"],"fullName":"client auth API: avatar endpoints fetchMyAvatar returns null when the parsed avatar has an unknown type","status":"passed","title":"returns null when the parsed avatar has an unknown type","duration":0.5688000000000102,"failureMessages":[],"meta":{}},{"ancestorTitles":["client auth API: avatar endpoints","fetchMyAvatar"],"fullName":"client auth API: avatar endpoints fetchMyAvatar parses a valid image avatar payload from the server","status":"passed","title":"parses a valid image avatar payload from the server","duration":1.7265999999999622,"failureMessages":[],"meta":{}},{"ancestorTitles":["client auth API: avatar endpoints","fetchMyAvatar"],"fullName":"client auth API: avatar endpoints fetchMyAvatar parses a valid default avatar payload from the server","status":"passed","title":"parses a valid default avatar payload from the server","duration":0.7043999999996231,"failureMessages":[],"meta":{}},{"ancestorTitles":["client auth API: avatar endpoints","updateMyAvatar"],"fullName":"client auth API: avatar endpoints updateMyAvatar PUTs the avatar as a JSON-string field to /api/auth/avatar","status":"passed","title":"PUTs the avatar as a JSON-string field to /api/auth/avatar","duration":1.0847999999996318,"failureMessages":[],"meta":{}},{"ancestorTitles":["client auth API: avatar endpoints","resetMyAvatar"],"fullName":"client auth API: avatar endpoints resetMyAvatar PUTs a default avatar object to /api/auth/avatar","status":"passed","title":"PUTs a default avatar object to /api/auth/avatar","duration":0.7470000000002983,"failureMessages":[],"meta":{}}],"startTime":1785316126844,"endTime":1785316126857.747,"status":"passed","message":"","name":"G:/AIproject/longxia_keli/hermes-web-ui/tests/client/auth-avatar.test.ts"},{"assertionResults":[{"ancestorTitles":["ChatInput draft persistence"],"fullName":"ChatInput draft persistence restores unsent text for the active session after the chat view is remounted","status":"passed","title":"restores unsent text for the active session after the chat view is remounted","duration":320.16759999999977,"failureMessages":[],"meta":{}},{"ancestorTitles":["ChatInput draft persistence"],"fullName":"ChatInput draft persistence stores drafts under one localStorage key mapped by session id","status":"passed","title":"stores drafts under one localStorage key mapped by session id","duration":145.72849999999926,"failureMessages":[],"meta":{}},{"ancestorTitles":["ChatInput draft persistence"],"fullName":"ChatInput draft persistence applies the configured desktop input height from display settings","status":"passed","title":"applies the configured desktop input height from display settings","duration":52.00489999999991,"failureMessages":[],"meta":{}},{"ancestorTitles":["ChatInput draft persistence"],"fullName":"ChatInput draft persistence applies display setting changes after a manual resize","status":"passed","title":"applies display setting changes after a manual resize","duration":78.54119999999966,"failureMessages":[],"meta":{}},{"ancestorTitles":["ChatInput draft persistence"],"fullName":"ChatInput draft persistence keeps mobile chat input behavior even when a desktop height is configured","status":"passed","title":"keeps mobile chat input behavior even when a desktop height is configured","duration":65.71689999999944,"failureMessages":[],"meta":{}},{"ancestorTitles":["ChatInput draft persistence"],"fullName":"ChatInput draft persistence shows context usage for coding-agent sessions","status":"passed","title":"shows context usage for coding-agent sessions","duration":58.91779999999926,"failureMessages":[],"meta":{}},{"ancestorTitles":["ChatInput draft persistence"],"fullName":"ChatInput draft persistence shows reasoning effort selector for coding-agent sessions","status":"passed","title":"shows reasoning effort selector for coding-agent sessions","duration":41.03830000000016,"failureMessages":[],"meta":{}},{"ancestorTitles":["ChatInput draft persistence"],"fullName":"ChatInput draft persistence stores the selected reasoning effort for the active session","status":"passed","title":"stores the selected reasoning effort for the active session","duration":41.90729999999894,"failureMessages":[],"meta":{}},{"ancestorTitles":["ChatInput draft persistence"],"fullName":"ChatInput draft persistence opens the skill picker from /skill and inserts the selected skill command","status":"passed","title":"opens the skill picker from /skill and inserts the selected skill command","duration":53.95499999999993,"failureMessages":[],"meta":{}},{"ancestorTitles":["ChatInput draft persistence"],"fullName":"ChatInput draft persistence hides bridge autocomplete for non-Hermes slash prefixes","status":"passed","title":"hides bridge autocomplete for non-Hermes slash prefixes","duration":49.255300000000716,"failureMessages":[],"meta":{}}],"startTime":1785316108560,"endTime":1785316109468.2554,"status":"passed","message":"","name":"G:/AIproject/longxia_keli/hermes-web-ui/tests/client/chat-input-draft.test.ts"},{"assertionResults":[{"ancestorTitles":["chat input height utils"],"fullName":"chat input height utils clamps configured heights into the supported range","status":"passed","title":"clamps configured heights into the supported range","duration":2.120400000000018,"failureMessages":[],"meta":{}},{"ancestorTitles":["chat input height utils"],"fullName":"chat input height utils treats the existing mobile breakpoint as mobile-only behavior","status":"passed","title":"treats the existing mobile breakpoint as mobile-only behavior","duration":0.35210000000006403,"failureMessages":[],"meta":{}}],"startTime":1785316128867,"endTime":1785316128869.352,"status":"passed","message":"","name":"G:/AIproject/longxia_keli/hermes-web-ui/tests/client/chat-input-height.test.ts"},{"assertionResults":[{"ancestorTitles":["chat message mobile layout guards"],"fullName":"chat message mobile layout guards keeps chat message containers shrinkable on narrow screens","status":"passed","title":"keeps chat message containers shrinkable on narrow screens","duration":20.215099999999893,"failureMessages":[],"meta":{}}],"startTime":1785316126777,"endTime":1785316126797.215,"status":"passed","message":"","name":"G:/AIproject/longxia_keli/hermes-web-ui/tests/client/chat-message-mobile-layout.test.ts"},{"assertionResults":[{"ancestorTitles":["ChatPanel session clicks"],"fullName":"ChatPanel session clicks switches the store when the route is already on the clicked session","status":"passed","title":"switches the store when the route is already on the clicked session","duration":3.2094999999999345,"failureMessages":[],"meta":{}},{"ancestorTitles":["ChatPanel session clicks"],"fullName":"ChatPanel session clicks replays the whole chat surface fade without remounting the input","status":"passed","title":"replays the whole chat surface fade without remounting the input","duration":1.3851999999999407,"failureMessages":[],"meta":{}},{"ancestorTitles":["ChatPanel session clicks"],"fullName":"ChatPanel session clicks allows session model switching for coding agent sessions","status":"passed","title":"allows session model switching for coding agent sessions","duration":1.782799999999952,"failureMessages":[],"meta":{}},{"ancestorTitles":["ChatPanel session clicks"],"fullName":"ChatPanel session clicks uses codingAgentId when deciding whether session model switches need an API mode","status":"passed","title":"uses codingAgentId when deciding whether session model switches need an API mode","duration":1.3858999999999924,"failureMessages":[],"meta":{}},{"ancestorTitles":["ChatPanel session clicks"],"fullName":"ChatPanel session clicks uses the active sidebar model as the new chat default for the active profile","status":"passed","title":"uses the active sidebar model as the new chat default for the active profile","duration":1.028400000000147,"failureMessages":[],"meta":{}},{"ancestorTitles":["ChatPanel session clicks"],"fullName":"ChatPanel session clicks uses a create action in the new chat drawer instead of duplicating the new chat trigger label","status":"passed","title":"uses a create action in the new chat drawer instead of duplicating the new chat trigger label","duration":0.9541999999999007,"failureMessages":[],"meta":{}}],"startTime":1785316126897,"endTime":1785316126906.954,"status":"passed","message":"","name":"G:/AIproject/longxia_keli/hermes-web-ui/tests/client/chat-panel-session-click.test.ts"},{"assertionResults":[{"ancestorTitles":["chat-run socket reconnect handling"],"fullName":"chat-run socket reconnect handling keeps transient mobile disconnects alive and resumes after reconnect","status":"passed","title":"keeps transient mobile disconnects alive and resumes after reconnect","duration":346.6879000000001,"failureMessages":[],"meta":{}},{"ancestorTitles":["chat-run socket reconnect handling"],"fullName":"chat-run socket reconnect handling keeps concurrent resume callbacks scoped to their requested session","status":"passed","title":"keeps concurrent resume callbacks scoped to their requested session","duration":7.964999999999918,"failureMessages":[],"meta":{}},{"ancestorTitles":["chat-run socket reconnect handling"],"fullName":"chat-run socket reconnect handling keeps fatal disconnects fatal and removes per-run listeners","status":"passed","title":"keeps fatal disconnects fatal and removes per-run listeners","duration":10.70679999999993,"failureMessages":[],"meta":{}},{"ancestorTitles":["chat-run socket reconnect handling"],"fullName":"chat-run socket reconnect handling does not attach extra reconnect listeners when the session already has handlers","status":"passed","title":"does not attach extra reconnect listeners when the session already has handlers","duration":4.981999999999971,"failureMessages":[],"meta":{}},{"ancestorTitles":["chat-run socket reconnect handling"],"fullName":"chat-run socket reconnect handling fans session.command events to run-local and global handlers","status":"passed","title":"fans session.command events to run-local and global handlers","duration":15.90449999999987,"failureMessages":[],"meta":{}}],"startTime":1785316125694,"endTime":1785316126080.9045,"status":"passed","message":"","name":"G:/AIproject/longxia_keli/hermes-web-ui/tests/client/chat-run-reconnect.test.ts"},{"assertionResults":[{"ancestorTitles":["chat store compression state"],"fullName":"chat store compression state does not show a background session compression indicator in the active session","status":"passed","title":"does not show a background session compression indicator in the active session","duration":24.157400000000052,"failureMessages":[],"meta":{}},{"ancestorTitles":["chat store compression state"],"fullName":"chat store compression state surfaces non-terminal reattach warnings replayed in a non-working resume payload","status":"passed","title":"surfaces non-terminal reattach warnings replayed in a non-working resume payload","duration":3.4411999999997533,"failureMessages":[],"meta":{}},{"ancestorTitles":["chat store compression state"],"fullName":"chat store compression state preserves streamed content when run.completed parsed_content is blank","status":"passed","title":"preserves streamed content when run.completed parsed_content is blank","duration":4.6927999999998065,"failureMessages":[],"meta":{}},{"ancestorTitles":["chat store compression state"],"fullName":"chat store compression state renders parsed_content-only completion as a new assistant message and auto-plays it","status":"passed","title":"renders parsed_content-only completion as a new assistant message and auto-plays it","duration":10.754199999999855,"failureMessages":[],"meta":{}},{"ancestorTitles":["chat store compression state"],"fullName":"chat store compression state does not treat an older assistant message as output for a blank run.completed event","status":"passed","title":"does not treat an older assistant message as output for a blank run.completed event","duration":3.236499999999978,"failureMessages":[],"meta":{}},{"ancestorTitles":["chat store compression state"],"fullName":"chat store compression state renders parsed_content-only completion as a new assistant message after reconnect resume and auto-plays it","status":"passed","title":"renders parsed_content-only completion as a new assistant message after reconnect resume and auto-plays it","duration":12.508100000000013,"failureMessages":[],"meta":{}},{"ancestorTitles":["chat store compression state"],"fullName":"chat store compression state renders object-shaped run failure errors with their message text","status":"passed","title":"renders object-shaped run failure errors with their message text","duration":5.819500000000062,"failureMessages":[],"meta":{}},{"ancestorTitles":["chat store compression state"],"fullName":"chat store compression state appends post-reconnect deltas to a genuine resumed in-flight assistant instead of duplicating it","status":"passed","title":"appends post-reconnect deltas to a genuine resumed in-flight assistant instead of duplicating it","duration":5.11810000000014,"failureMessages":[],"meta":{}},{"ancestorTitles":["chat store compression state"],"fullName":"chat store compression state closes a genuine resumed in-flight assistant on blank completion without swallowed-error or replay","status":"passed","title":"closes a genuine resumed in-flight assistant on blank completion without swallowed-error or replay","duration":5.37480000000005,"failureMessages":[],"meta":{}},{"ancestorTitles":["chat store compression state"],"fullName":"chat store compression state finalizes a genuine resumed in-flight assistant with parsed_content instead of appending a second row","status":"passed","title":"finalizes a genuine resumed in-flight assistant with parsed_content instead of appending a second row","duration":5.168499999999767,"failureMessages":[],"meta":{}},{"ancestorTitles":["chat store compression state"],"fullName":"chat store compression state does not auto-play resumed assistant history again on blank completion after reconnect","status":"passed","title":"does not auto-play resumed assistant history again on blank completion after reconnect","duration":4.485900000000129,"failureMessages":[],"meta":{}},{"ancestorTitles":["chat store compression state"],"fullName":"chat store compression state preserves resumed assistant history when parsed_content arrives after reconnect and auto-plays the new row","status":"passed","title":"preserves resumed assistant history when parsed_content arrives after reconnect and auto-plays the new row","duration":5.328400000000329,"failureMessages":[],"meta":{}},{"ancestorTitles":["chat store compression state"],"fullName":"chat store compression state still auto-plays genuinely new assistant text after reconnect resume","status":"passed","title":"still auto-plays genuinely new assistant text after reconnect resume","duration":4.648999999999887,"failureMessages":[],"meta":{}},{"ancestorTitles":["chat store compression state"],"fullName":"chat store compression state does not auto-play an older assistant message when a run only emits tool output","status":"passed","title":"does not auto-play an older assistant message when a run only emits tool output","duration":4.459800000000087,"failureMessages":[],"meta":{}},{"ancestorTitles":["chat store compression state"],"fullName":"chat store compression state auto-plays only the new assistant message when the current run produces one","status":"passed","title":"auto-plays only the new assistant message when the current run produces one","duration":3.975300000000061,"failureMessages":[],"meta":{}},{"ancestorTitles":["chat store compression state"],"fullName":"chat store compression state preserves non-string tool.completed outputs in live session handlers","status":"passed","title":"preserves non-string tool.completed outputs in live session handlers","duration":2.9375,"failureMessages":[],"meta":{}}],"startTime":1785316118834,"endTime":1785316118940.9375,"status":"passed","message":"","name":"G:/AIproject/longxia_keli/hermes-web-ui/tests/client/chat-store-compression-state.test.ts"},{"assertionResults":[{"ancestorTitles":["chat store error handling - #1644"],"fullName":"chat store error handling - #1644 preserves assistant content when run.failed fires during streaming with substantial content","status":"passed","title":"preserves assistant content when run.failed fires during streaming with substantial content","duration":33.291999999999916,"failureMessages":[],"meta":{}},{"ancestorTitles":["chat store error handling - #1644"],"fullName":"chat store error handling - #1644 overwrites empty streaming message when run.failed fires (no substantial content)","status":"passed","title":"overwrites empty streaming message when run.failed fires (no substantial content)","duration":7.252400000000307,"failureMessages":[],"meta":{}},{"ancestorTitles":["chat store error handling - #1644"],"fullName":"chat store error handling - #1644 appends error as separate message when streaming has finished (isStreaming false)","status":"passed","title":"appends error as separate message when streaming has finished (isStreaming false)","duration":6.319700000000012,"failureMessages":[],"meta":{}}],"startTime":1785316125003,"endTime":1785316125050.3196,"status":"passed","message":"","name":"G:/AIproject/longxia_keli/hermes-web-ui/tests/client/chat-store-error-handling.test.ts"},{"assertionResults":[{"ancestorTitles":["chat store per-session reasoning effort"],"fullName":"chat store per-session reasoning effort persists the chosen effort on the active session","status":"passed","title":"persists the chosen effort on the active session","duration":18.4686999999999,"failureMessages":[],"meta":{}},{"ancestorTitles":["chat store per-session reasoning effort"],"fullName":"chat store per-session reasoning effort clears persistence when the value is empty","status":"passed","title":"clears persistence when the value is empty","duration":3.1885999999999513,"failureMessages":[],"meta":{}},{"ancestorTitles":["chat store per-session reasoning effort"],"fullName":"chat store per-session reasoning effort keeps each session independent","status":"passed","title":"keeps each session independent","duration":2.3710000000000946,"failureMessages":[],"meta":{}},{"ancestorTitles":["chat store per-session reasoning effort"],"fullName":"chat store per-session reasoning effort is a no-op when the session does not exist","status":"passed","title":"is a no-op when the session does not exist","duration":3.8038000000001375,"failureMessages":[],"meta":{}},{"ancestorTitles":["chat store per-session reasoning effort"],"fullName":"chat store per-session reasoning effort hydrates reasoningEffort from localStorage when sessions arrive without it","status":"passed","title":"hydrates reasoningEffort from localStorage when sessions arrive without it","duration":12.951500000000124,"failureMessages":[],"meta":{}}],"startTime":1785316125329,"endTime":1785316125370.9514,"status":"passed","message":"","name":"G:/AIproject/longxia_keli/hermes-web-ui/tests/client/chat-store-reasoning-effort.test.ts"},{"assertionResults":[{"ancestorTitles":["chat store reasoning/tool boundaries"],"fullName":"chat store reasoning/tool boundaries merges reasoning across tool cycles without appending post-tool text before the tool","status":"passed","title":"merges reasoning across tool cycles without appending post-tool text before the tool","duration":26.898299999999836,"failureMessages":[],"meta":{}},{"ancestorTitles":["chat store reasoning/tool boundaries"],"fullName":"chat store reasoning/tool boundaries renders MoA reference and aggregating events as tools before the final assistant message","status":"passed","title":"renders MoA reference and aggregating events as tools before the final assistant message","duration":7.6361000000001695,"failureMessages":[],"meta":{}},{"ancestorTitles":["chat store reasoning/tool boundaries"],"fullName":"chat store reasoning/tool boundaries does not add a front-end MoA discussion placeholder from session.command start","status":"passed","title":"does not add a front-end MoA discussion placeholder from session.command start","duration":3.3251000000000204,"failureMessages":[],"meta":{}},{"ancestorTitles":["chat store reasoning/tool boundaries"],"fullName":"chat store reasoning/tool boundaries restores persisted MoA tool rows from session history","status":"passed","title":"restores persisted MoA tool rows from session history","duration":3.766399999999976,"failureMessages":[],"meta":{}},{"ancestorTitles":["chat store reasoning/tool boundaries"],"fullName":"chat store reasoning/tool boundaries settles running coding-agent tools when the run completes without a tool.completed event","status":"passed","title":"settles running coding-agent tools when the run completes without a tool.completed event","duration":4.462500000000091,"failureMessages":[],"meta":{}},{"ancestorTitles":["chat store reasoning/tool boundaries"],"fullName":"chat store reasoning/tool boundaries does not drop repeated small markdown delimiters while streaming","status":"passed","title":"does not drop repeated small markdown delimiters while streaming","duration":3.6143999999999323,"failureMessages":[],"meta":{}},{"ancestorTitles":["chat store reasoning/tool boundaries"],"fullName":"chat store reasoning/tool boundaries queues active coding agent follow-up messages without command styling","status":"passed","title":"queues active coding agent follow-up messages without command styling","duration":5.370300000000043,"failureMessages":[],"meta":{}},{"ancestorTitles":["chat store reasoning/tool boundaries"],"fullName":"chat store reasoning/tool boundaries queues unknown slash commands in bridge sessions as normal user input","status":"passed","title":"queues unknown slash commands in bridge sessions as normal user input","duration":4.176300000000083,"failureMessages":[],"meta":{}},{"ancestorTitles":["chat store reasoning/tool boundaries"],"fullName":"chat store reasoning/tool boundaries queues /moa commands in active bridge sessions without adding a visible command echo","status":"passed","title":"queues /moa commands in active bridge sessions without adding a visible command echo","duration":4.363500000000386,"failureMessages":[],"meta":{}},{"ancestorTitles":["chat store reasoning/tool boundaries"],"fullName":"chat store reasoning/tool boundaries sends unknown slash commands in idle bridge sessions as normal user input","status":"passed","title":"sends unknown slash commands in idle bridge sessions as normal user input","duration":3.3953999999998814,"failureMessages":[],"meta":{}},{"ancestorTitles":["chat store reasoning/tool boundaries"],"fullName":"chat store reasoning/tool boundaries starts global coding-agent runs without provider credentials","status":"passed","title":"starts global coding-agent runs without provider credentials","duration":3.04529999999977,"failureMessages":[],"meta":{}},{"ancestorTitles":["chat store reasoning/tool boundaries"],"fullName":"chat store reasoning/tool boundaries clears stale coding-agent runtime credentials when switching providers","status":"passed","title":"clears stale coding-agent runtime credentials when switching providers","duration":2.672099999999773,"failureMessages":[],"meta":{}},{"ancestorTitles":["chat store reasoning/tool boundaries"],"fullName":"chat store reasoning/tool boundaries preserves a scoped coding-agent API mode when reselecting the same provider","status":"passed","title":"preserves a scoped coding-agent API mode when reselecting the same provider","duration":1.8692000000000917,"failureMessages":[],"meta":{}},{"ancestorTitles":["chat store reasoning/tool boundaries"],"fullName":"chat store reasoning/tool boundaries sends the selected workspace when starting a coding-agent run","status":"passed","title":"sends the selected workspace when starting a coding-agent run","duration":2.7982999999999265,"failureMessages":[],"meta":{}},{"ancestorTitles":["chat store reasoning/tool boundaries"],"fullName":"chat store reasoning/tool boundaries keeps a local stream controller for active coding-agent runs","status":"passed","title":"keeps a local stream controller for active coding-agent runs","duration":3.5954999999999018,"failureMessages":[],"meta":{}},{"ancestorTitles":["chat store reasoning/tool boundaries"],"fullName":"chat store reasoning/tool boundaries keeps a session in the local list when server deletion fails","status":"passed","title":"keeps a session in the local list when server deletion fails","duration":3.019999999999982,"failureMessages":[],"meta":{}}],"startTime":1785316121457,"endTime":1785316121541.02,"status":"passed","message":"","name":"G:/AIproject/longxia_keli/hermes-web-ui/tests/client/chat-store-reasoning-tool-boundary.test.ts"},{"assertionResults":[{"ancestorTitles":["chat store session.command fanout"],"fullName":"chat store session.command fanout attaches to a goal resume run started from another window","status":"passed","title":"attaches to a goal resume run started from another window","duration":22.28139999999985,"failureMessages":[],"meta":{}},{"ancestorTitles":["chat store session.command fanout"],"fullName":"chat store session.command fanout does not clear the transcript for goal done commands","status":"passed","title":"does not clear the transcript for goal done commands","duration":2.9974999999999454,"failureMessages":[],"meta":{}},{"ancestorTitles":["chat store session.command fanout"],"fullName":"chat store session.command fanout updates session title from the global generated-title event","status":"passed","title":"updates session title from the global generated-title event","duration":2.0445000000004256,"failureMessages":[],"meta":{}},{"ancestorTitles":["chat store session.command fanout"],"fullName":"chat store session.command fanout does not show a thinking/streaming state while submitting terminal fork commands","status":"passed","title":"does not show a thinking/streaming state while submitting terminal fork commands","duration":9.972200000000157,"failureMessages":[],"meta":{}},{"ancestorTitles":["chat store session.command fanout"],"fullName":"chat store session.command fanout debounces terminal fork commands until the session.command settles","status":"passed","title":"debounces terminal fork commands until the session.command settles","duration":4.8115999999999985,"failureMessages":[],"meta":{}},{"ancestorTitles":["chat store session.command fanout"],"fullName":"chat store session.command fanout clears stale working state when terminal session commands complete","status":"passed","title":"clears stale working state when terminal session commands complete","duration":2.2786000000000968,"failureMessages":[],"meta":{}},{"ancestorTitles":["chat store session.command fanout"],"fullName":"chat store session.command fanout settles stale runtime tool rows when terminal session commands complete","status":"passed","title":"settles stale runtime tool rows when terminal session commands complete","duration":2.2415000000000873,"failureMessages":[],"meta":{}},{"ancestorTitles":["chat store session.command fanout"],"fullName":"chat store session.command fanout settles stale runtime tool rows before sending an idle slash command","status":"passed","title":"settles stale runtime tool rows before sending an idle slash command","duration":4.015400000000227,"failureMessages":[],"meta":{}},{"ancestorTitles":["chat store session.command fanout"],"fullName":"chat store session.command fanout adds peer command messages to the transcript even after the session command marks the run live","status":"passed","title":"adds peer command messages to the transcript even after the session command marks the run live","duration":3.707100000000082,"failureMessages":[],"meta":{}},{"ancestorTitles":["chat store session.command fanout"],"fullName":"chat store session.command fanout moves an existing peer command queue entry into the transcript when the command starts","status":"passed","title":"moves an existing peer command queue entry into the transcript when the command starts","duration":3.561000000000149,"failureMessages":[],"meta":{}},{"ancestorTitles":["chat store session.command fanout"],"fullName":"chat store session.command fanout adds and switches to a branched child session from session.command branch events","status":"passed","title":"adds and switches to a branched child session from session.command branch events","duration":13.872599999999693,"failureMessages":[],"meta":{}}],"startTime":1785316123367,"endTime":1785316123438.8726,"status":"passed","message":"","name":"G:/AIproject/longxia_keli/hermes-web-ui/tests/client/chat-store-session-command.test.ts"},{"assertionResults":[{"ancestorTitles":["chat session ordering"],"fullName":"chat session ordering orders sessions by the newest known activity timestamp, including started_at","status":"passed","title":"orders sessions by the newest known activity timestamp, including started_at","duration":20.895300000000134,"failureMessages":[],"meta":{}},{"ancestorTitles":["chat session ordering"],"fullName":"chat session ordering removes an archived session from the runtime session list","status":"passed","title":"removes an archived session from the runtime session list","duration":5.642699999999877,"failureMessages":[],"meta":{}},{"ancestorTitles":["chat session ordering"],"fullName":"chat session ordering clears the active session when archiving the only runtime session","status":"passed","title":"clears the active session when archiving the only runtime session","duration":3.107499999999618,"failureMessages":[],"meta":{}}],"startTime":1785316125292,"endTime":1785316125322.1074,"status":"passed","message":"","name":"G:/AIproject/longxia_keli/hermes-web-ui/tests/client/chat-store-session-order.test.ts"},{"assertionResults":[{"ancestorTitles":["chat store thinkingObservation"],"fullName":"chat store thinkingObservation starts empty","status":"passed","title":"starts empty","duration":12.424800000000232,"failureMessages":[],"meta":{}},{"ancestorTitles":["chat store thinkingObservation"],"fullName":"chat store thinkingObservation records startedAt when delta first introduces an opening tag","status":"passed","title":"records startedAt when delta first introduces an opening tag","duration":2.603599999999915,"failureMessages":[],"meta":{}},{"ancestorTitles":["chat store thinkingObservation"],"fullName":"chat store thinkingObservation records endedAt when delta first introduces closing tag","status":"passed","title":"records endedAt when delta first introduces closing tag","duration":1.4268000000001848,"failureMessages":[],"meta":{}},{"ancestorTitles":["chat store thinkingObservation"],"fullName":"chat store thinkingObservation is idempotent for subsequent openings/closings","status":"passed","title":"is idempotent for subsequent openings/closings","duration":1.2773000000001957,"failureMessages":[],"meta":{}},{"ancestorTitles":["chat store thinkingObservation"],"fullName":"chat store thinkingObservation is ignored when delta is inside a code block","status":"passed","title":"is ignored when delta is inside a code block","duration":1.3870999999999185,"failureMessages":[],"meta":{}},{"ancestorTitles":["chat store thinkingObservation"],"fullName":"chat store thinkingObservation clears observations on clearThinkingObservationFor","status":"passed","title":"clears observations on clearThinkingObservationFor","duration":1.2764999999999418,"failureMessages":[],"meta":{}},{"ancestorTitles":["chat store thinkingObservation"],"fullName":"chat store thinkingObservation noteReasoningStart records startedAt only once","status":"passed","title":"noteReasoningStart records startedAt only once","duration":1.2737999999999374,"failureMessages":[],"meta":{}},{"ancestorTitles":["chat store thinkingObservation"],"fullName":"chat store thinkingObservation noteReasoningEnd requires prior start","status":"passed","title":"noteReasoningEnd requires prior start","duration":1.1934999999998581,"failureMessages":[],"meta":{}},{"ancestorTitles":["chat store thinkingObservation"],"fullName":"chat store thinkingObservation noteReasoningEnd is idempotent","status":"passed","title":"noteReasoningEnd is idempotent","duration":1.2213999999999032,"failureMessages":[],"meta":{}}],"startTime":1785316125147,"endTime":1785316125172.2214,"status":"passed","message":"","name":"G:/AIproject/longxia_keli/hermes-web-ui/tests/client/chat-store-thinking.test.ts"},{"assertionResults":[{"ancestorTitles":["chat timestamp formatting"],"fullName":"chat timestamp formatting shows only hour and minute for messages from today","status":"passed","title":"shows only hour and minute for messages from today","duration":33.761200000000144,"failureMessages":[],"meta":{}},{"ancestorTitles":["chat timestamp formatting"],"fullName":"chat timestamp formatting adds month and day for previous-day messages in the same year","status":"passed","title":"adds month and day for previous-day messages in the same year","duration":0.5526999999999589,"failureMessages":[],"meta":{}},{"ancestorTitles":["chat timestamp formatting"],"fullName":"chat timestamp formatting adds year for messages from a different year","status":"passed","title":"adds year for messages from a different year","duration":0.5588000000000193,"failureMessages":[],"meta":{}},{"ancestorTitles":["chat timestamp formatting"],"fullName":"chat timestamp formatting returns an empty string for invalid timestamps","status":"passed","title":"returns an empty string for invalid timestamps","duration":0.17290000000002692,"failureMessages":[],"meta":{}}],"startTime":1785316126502,"endTime":1785316126537.1729,"status":"passed","message":"","name":"G:/AIproject/longxia_keli/hermes-web-ui/tests/client/chat-timestamp.test.ts"},{"assertionResults":[{"ancestorTitles":["ChatView tab title"],"fullName":"ChatView tab title reflects the active session title in the browser tab","status":"passed","title":"reflects the active session title in the browser tab","duration":58.976500000000215,"failureMessages":[],"meta":{}},{"ancestorTitles":["ChatView tab title"],"fullName":"ChatView tab title falls back to the product title when the session title is blank","status":"passed","title":"falls back to the product title when the session title is blank","duration":10.251900000000205,"failureMessages":[],"meta":{}}],"startTime":1785316121801,"endTime":1785316121870.252,"status":"passed","message":"","name":"G:/AIproject/longxia_keli/hermes-web-ui/tests/client/chat-view-tab-title.test.ts"},{"assertionResults":[{"ancestorTitles":["coding agent api modes"],"fullName":"coding agent api modes only exposes scoped coding-agent protocols supported by launch flows","status":"passed","title":"only exposes scoped coding-agent protocols supported by launch flows","duration":2.416099999999915,"failureMessages":[],"meta":{}},{"ancestorTitles":["coding agent api modes"],"fullName":"coding agent api modes keeps supported provider api modes and downgrades unsupported ones","status":"passed","title":"keeps supported provider api modes and downgrades unsupported ones","duration":0.35770000000002256,"failureMessages":[],"meta":{}},{"ancestorTitles":["coding agent api modes"],"fullName":"coding agent api modes infers a safe fallback protocol from provider identity and base URL","status":"passed","title":"infers a safe fallback protocol from provider identity and base URL","duration":0.2613000000001193,"failureMessages":[],"meta":{}}],"startTime":1785316127764,"endTime":1785316127766.416,"status":"passed","message":"","name":"G:/AIproject/longxia_keli/hermes-web-ui/tests/client/coding-agent-api-modes.test.ts"},{"assertionResults":[{"ancestorTitles":["coding agent provider visibility"],"fullName":"coding agent provider visibility exposes nous to scoped Ekko Agent sessions","status":"passed","title":"exposes nous to scoped Ekko Agent sessions","duration":2.201300000000174,"failureMessages":[],"meta":{}},{"ancestorTitles":["coding agent provider visibility"],"fullName":"coding agent provider visibility exposes openai-codex to scoped Ekko Agent sessions","status":"passed","title":"exposes openai-codex to scoped Ekko Agent sessions","duration":0.2843000000000302,"failureMessages":[],"meta":{}},{"ancestorTitles":["coding agent provider visibility"],"fullName":"coding agent provider visibility exposes xai-oauth to scoped Ekko Agent sessions","status":"passed","title":"exposes xai-oauth to scoped Ekko Agent sessions","duration":0.25860000000011496,"failureMessages":[],"meta":{}},{"ancestorTitles":["coding agent provider visibility"],"fullName":"coding agent provider visibility exposes qwen-oauth to scoped Ekko Agent sessions","status":"passed","title":"exposes qwen-oauth to scoped Ekko Agent sessions","duration":0.18610000000012406,"failureMessages":[],"meta":{}},{"ancestorTitles":["coding agent provider visibility"],"fullName":"coding agent provider visibility keeps auth providers hidden from scoped claude-code sessions","status":"passed","title":"keeps auth providers hidden from scoped claude-code sessions","duration":0.28579999999988104,"failureMessages":[],"meta":{}},{"ancestorTitles":["coding agent provider visibility"],"fullName":"coding agent provider visibility keeps auth providers hidden from scoped codex sessions","status":"passed","title":"keeps auth providers hidden from scoped codex sessions","duration":0.20690000000013242,"failureMessages":[],"meta":{}}],"startTime":1785316128867,"endTime":1785316128871.2068,"status":"passed","message":"","name":"G:/AIproject/longxia_keli/hermes-web-ui/tests/client/coding-agent-providers.test.ts"},{"assertionResults":[{"ancestorTitles":["completion sound"],"fullName":"completion sound returns false when Web Audio is unavailable","status":"passed","title":"returns false when Web Audio is unavailable","duration":3.3802999999998065,"failureMessages":[],"meta":{}},{"ancestorTitles":["completion sound"],"fullName":"completion sound primes a suspended audio context from user interaction","status":"passed","title":"primes a suspended audio context from user interaction","duration":1.6356000000000677,"failureMessages":[],"meta":{}},{"ancestorTitles":["completion sound"],"fullName":"completion sound plays a short tone through Web Audio","status":"passed","title":"plays a short tone through Web Audio","duration":5.6570999999999,"failureMessages":[],"meta":{}}],"startTime":1785316126787,"endTime":1785316126797.657,"status":"passed","message":"","name":"G:/AIproject/longxia_keli/hermes-web-ui/tests/client/completion-sound.test.ts"},{"assertionResults":[{"ancestorTitles":["ConversationMonitorPane"],"fullName":"ConversationMonitorPane loads conversations and the first transcript using the humanOnly preference","status":"passed","title":"loads conversations and the first transcript using the humanOnly preference","duration":117.00780000000032,"failureMessages":[],"meta":{}},{"ancestorTitles":["ConversationMonitorPane"],"fullName":"ConversationMonitorPane ignores stale detail responses when selection changes quickly","status":"passed","title":"ignores stale detail responses when selection changes quickly","duration":28.992299999999886,"failureMessages":[],"meta":{}},{"ancestorTitles":["ConversationMonitorPane"],"fullName":"ConversationMonitorPane clears the polling interval on unmount","status":"passed","title":"clears the polling interval on unmount","duration":14.297199999999975,"failureMessages":[],"meta":{}}],"startTime":1785316115063,"endTime":1785316115223.297,"status":"passed","message":"","name":"G:/AIproject/longxia_keli/hermes-web-ui/tests/client/conversation-monitor-pane.test.ts"},{"assertionResults":[{"ancestorTitles":["conversations api"],"fullName":"conversations api builds summaries URLs with optional params","status":"passed","title":"builds summaries URLs with optional params","duration":3.9997000000000753,"failureMessages":[],"meta":{}},{"ancestorTitles":["conversations api"],"fullName":"conversations api encodes detail URLs and forwards optional params","status":"passed","title":"encodes detail URLs and forwards optional params","duration":1.0960999999999785,"failureMessages":[],"meta":{}},{"ancestorTitles":["conversations api"],"fullName":"conversations api propagates conversation detail errors so the monitor can render an error state","status":"passed","title":"propagates conversation detail errors so the monitor can render an error state","duration":1.410799999999881,"failureMessages":[],"meta":{}}],"startTime":1785316128477,"endTime":1785316128483.411,"status":"passed","message":"","name":"G:/AIproject/longxia_keli/hermes-web-ui/tests/client/conversations-api.test.ts"},{"assertionResults":[{"ancestorTitles":["CopilotLoginModal device-flow state machine"],"fullName":"CopilotLoginModal device-flow state machine 启动后进入 waiting 并显示 user_code","status":"passed","title":"启动后进入 waiting 并显示 user_code","duration":99.08649999999943,"failureMessages":[],"meta":{}},{"ancestorTitles":["CopilotLoginModal device-flow state machine"],"fullName":"CopilotLoginModal device-flow state machine approved 时 emit success 且消息为 copilotApproved","status":"failed","title":"approved 时 emit success 且消息为 copilotApproved","duration":26.329900000000634,"failureMessages":["AssertionError: expected \"spy\" to be called with arguments: [ 'models.copilotApproved' ]\u001b[90m\n\nNumber of calls: \u001b[1m0\u001b[22m\n\u001b[39m\n    at Proxy.<anonymous> (file:///G:/AIproject/longxia_keli/hermes-web-ui/node_modules/@vitest/expect/dist/index.js:1355:10)\n    at Proxy.<anonymous> (file:///G:/AIproject/longxia_keli/hermes-web-ui/node_modules/@vitest/expect/dist/index.js:1029:14)\n    at Proxy.methodWrapper (file:///G:/AIproject/longxia_keli/hermes-web-ui/node_modules/chai/index.js:1686:25)\n    at G:\\AIproject\\longxia_keli\\hermes-web-ui\\tests\\client\\copilot-login-modal.test.ts:78:33\n    at file:///G:/AIproject/longxia_keli/hermes-web-ui/node_modules/@vitest/runner/dist/chunk-hooks.js:752:20"],"meta":{}},{"ancestorTitles":["CopilotLoginModal device-flow state machine"],"fullName":"CopilotLoginModal device-flow state machine expired 时进入 expired 状态并显示重试按钮","status":"passed","title":"expired 时进入 expired 状态并显示重试按钮","duration":19.36449999999968,"failureMessages":[],"meta":{}},{"ancestorTitles":["CopilotLoginModal device-flow state machine"],"fullName":"CopilotLoginModal device-flow state machine startCopilotLogin 抛错时显示 error 且不 emit success","status":"failed","title":"startCopilotLogin 抛错时显示 error 且不 emit success","duration":6.847800000000461,"failureMessages":["AssertionError: expected \"spy\" to be called at least once\n    at Proxy.<anonymous> (file:///G:/AIproject/longxia_keli/hermes-web-ui/node_modules/@vitest/expect/dist/index.js:1335:10)\n    at Proxy.<anonymous> (file:///G:/AIproject/longxia_keli/hermes-web-ui/node_modules/@vitest/expect/dist/index.js:1029:14)\n    at Proxy.methodWrapper (file:///G:/AIproject/longxia_keli/hermes-web-ui/node_modules/chai/index.js:1686:25)\n    at G:\\AIproject\\longxia_keli\\hermes-web-ui\\tests\\client\\copilot-login-modal.test.ts:111:31\n    at file:///G:/AIproject/longxia_keli/hermes-web-ui/node_modules/@vitest/runner/dist/chunk-hooks.js:752:20"],"meta":{}},{"ancestorTitles":["CopilotLoginModal device-flow state machine"],"fullName":"CopilotLoginModal device-flow state machine denied 时进入 error 状态","status":"passed","title":"denied 时进入 error 状态","duration":10.192199999999502,"failureMessages":[],"meta":{}}],"startTime":1785316106253,"endTime":1785316106416.1921,"status":"failed","message":"","name":"G:/AIproject/longxia_keli/hermes-web-ui/tests/client/copilot-login-modal.test.ts"},{"assertionResults":[{"ancestorTitles":["DefaultCredentialPrompt"],"fullName":"DefaultCredentialPrompt prompts after login when the current user still has default credentials","status":"passed","title":"prompts after login when the current user still has default credentials","duration":58.52489999999989,"failureMessages":[],"meta":{}},{"ancestorTitles":["DefaultCredentialPrompt"],"fullName":"DefaultCredentialPrompt does not prompt on the login route","status":"passed","title":"does not prompt on the login route","duration":4.138699999999972,"failureMessages":[],"meta":{}}],"startTime":1785316123395,"endTime":1785316123458.1387,"status":"passed","message":"","name":"G:/AIproject/longxia_keli/hermes-web-ui/tests/client/default-credential-prompt.test.ts"},{"assertionResults":[{"ancestorTitles":["DesktopTitleBar"],"fullName":"DesktopTitleBar does not render a custom title bar on Linux so native window controls remain visible","status":"passed","title":"does not render a custom title bar on Linux so native window controls remain visible","duration":22.852499999999964,"failureMessages":[],"meta":{}},{"ancestorTitles":["DesktopTitleBar"],"fullName":"DesktopTitleBar renders custom window controls on Windows frameless windows","status":"passed","title":"renders custom window controls on Windows frameless windows","duration":29.66730000000007,"failureMessages":[],"meta":{}}],"startTime":1785316123373,"endTime":1785316123425.6672,"status":"passed","message":"","name":"G:/AIproject/longxia_keli/hermes-web-ui/tests/client/desktop-titlebar.test.ts"},{"assertionResults":[{"ancestorTitles":["DisplaySettings"],"fullName":"DisplaySettings does not expose the unwired busy input mode toggle","status":"passed","title":"does not expose the unwired busy input mode toggle","duration":550.6980999999996,"failureMessages":[],"meta":{}},{"ancestorTitles":["DisplaySettings"],"fullName":"DisplaySettings saves a clamped chat input height and can reset back to automatic height","status":"passed","title":"saves a clamped chat input height and can reset back to automatic height","duration":506.90669999999955,"failureMessages":[],"meta":{}}],"startTime":1785316116746,"endTime":1785316117803.9067,"status":"passed","message":"","name":"G:/AIproject/longxia_keli/hermes-web-ui/tests/client/display-settings.test.ts"},{"assertionResults":[{"ancestorTitles":["ChatPanel tool drawer resizing support"],"fullName":"ChatPanel tool drawer resizing support persists and clamps the live chat tool panel width while keeping mobile full width","status":"passed","title":"persists and clamps the live chat tool panel width while keeping mobile full width","duration":2.5903999999998177,"failureMessages":[],"meta":{}}],"startTime":1785316128660,"endTime":1785316128662.5903,"status":"passed","message":"","name":"G:/AIproject/longxia_keli/hermes-web-ui/tests/client/drawer-panel-resize.test.ts"},{"assertionResults":[{"ancestorTitles":["buildExpertTeamRoomAgents"],"fullName":"buildExpertTeamRoomAgents builds a group chat roster with captain first and members sorted by team order","status":"passed","title":"builds a group chat roster with captain first and members sorted by team order","duration":3.6259999999999764,"failureMessages":[],"meta":{}},{"ancestorTitles":["buildExpertTeamRoomAgents"],"fullName":"buildExpertTeamRoomAgents deduplicates repeated profiles and ignores unrelated bindings","status":"passed","title":"deduplicates repeated profiles and ignores unrelated bindings","duration":17.019800000000032,"failureMessages":[],"meta":{}},{"ancestorTitles":["buildExpertTeamWelcomeEntries"],"fullName":"buildExpertTeamWelcomeEntries builds welcome messages from each manifest starter prompt in roster order","status":"passed","title":"builds welcome messages from each manifest starter prompt in roster order","duration":1.1677999999999429,"failureMessages":[],"meta":{}},{"ancestorTitles":["buildExpertTeamWelcomeEntries"],"fullName":"buildExpertTeamWelcomeEntries falls back to a simple intro when a member manifest is missing","status":"passed","title":"falls back to a simple intro when a member manifest is missing","duration":0.4639999999999418,"failureMessages":[],"meta":{}}],"startTime":1785316126821,"endTime":1785316126843.464,"status":"passed","message":"","name":"G:/AIproject/longxia_keli/hermes-web-ui/tests/client/expert-team-room.test.ts"},{"assertionResults":[{"ancestorTitles":["extractCorrections"],"fullName":"extractCorrections returns null on empty input","status":"passed","title":"returns null on empty input","duration":2.4743000000000848,"failureMessages":[],"meta":{}},{"ancestorTitles":["extractCorrections"],"fullName":"extractCorrections returns null when no JSON found","status":"passed","title":"returns null when no JSON found","duration":0.9881000000000313,"failureMessages":[],"meta":{}},{"ancestorTitles":["extractCorrections"],"fullName":"extractCorrections parses JSON from markdown code fence","status":"passed","title":"parses JSON from markdown code fence","duration":1.4432000000001608,"failureMessages":[],"meta":{}},{"ancestorTitles":["extractCorrections"],"fullName":"extractCorrections parses JSON from plain text with balanced braces","status":"passed","title":"parses JSON from plain text with balanced braces","duration":0.40180000000009386,"failureMessages":[],"meta":{}},{"ancestorTitles":["extractCorrections"],"fullName":"extractCorrections returns empty array when corrections is empty","status":"passed","title":"returns empty array when corrections is empty","duration":0.39830000000006294,"failureMessages":[],"meta":{}},{"ancestorTitles":["extractCorrections"],"fullName":"extractCorrections handles multiple corrections","status":"passed","title":"handles multiple corrections","duration":1.7022000000001754,"failureMessages":[],"meta":{}},{"ancestorTitles":["extractCorrections"],"fullName":"extractCorrections handles nested braces in content","status":"passed","title":"handles nested braces in content","duration":2.2965999999998985,"failureMessages":[],"meta":{}},{"ancestorTitles":["extractCorrections"],"fullName":"extractCorrections handles escaped quotes in strings","status":"passed","title":"handles escaped quotes in strings","duration":0.35140000000001237,"failureMessages":[],"meta":{}},{"ancestorTitles":["extractCorrections"],"fullName":"extractCorrections ignores non-corrections JSON","status":"passed","title":"ignores non-corrections JSON","duration":0.28389999999990323,"failureMessages":[],"meta":{}},{"ancestorTitles":["extractCorrections"],"fullName":"extractCorrections parses real-world LLM output with markdown","status":"passed","title":"parses real-world LLM output with markdown","duration":0.48289999999997235,"failureMessages":[],"meta":{}},{"ancestorTitles":["extractCorrections"],"fullName":"extractCorrections parses array format without wrapper object","status":"passed","title":"parses array format without wrapper object","duration":0.6083000000000993,"failureMessages":[],"meta":{}},{"ancestorTitles":["extractCorrections"],"fullName":"extractCorrections parses corrections with alternative syntax","status":"passed","title":"parses corrections with alternative syntax","duration":0.30169999999998254,"failureMessages":[],"meta":{}},{"ancestorTitles":["extractCorrections"],"fullName":"extractCorrections handles response with mixed content and JSON","status":"passed","title":"handles response with mixed content and JSON","duration":0.2540000000001328,"failureMessages":[],"meta":{}},{"ancestorTitles":["extractCorrections"],"fullName":"extractCorrections returns null for invalid corrections format","status":"passed","title":"returns null for invalid corrections format","duration":0.4936999999999898,"failureMessages":[],"meta":{}},{"ancestorTitles":["extractCorrections"],"fullName":"extractCorrections handles empty corrections array","status":"passed","title":"handles empty corrections array","duration":0.21199999999998909,"failureMessages":[],"meta":{}},{"ancestorTitles":["extractCorrections"],"fullName":"extractCorrections parses JSON with extra whitespace","status":"passed","title":"parses JSON with extra whitespace","duration":0.2402999999999338,"failureMessages":[],"meta":{}}],"startTime":1785316127816,"endTime":1785316127830.2402,"status":"passed","message":"","name":"G:/AIproject/longxia_keli/hermes-web-ui/tests/client/extractCorrections.test.ts"},{"assertionResults":[{"ancestorTitles":["FileContextMenu"],"fullName":"FileContextMenu offers both edit and preview for previewable text files","status":"passed","title":"offers both edit and preview for previewable text files","duration":51.085099999999784,"failureMessages":[],"meta":{}},{"ancestorTitles":["FileContextMenu"],"fullName":"FileContextMenu invokes the store preview action from the preview menu item","status":"passed","title":"invokes the store preview action from the preview menu item","duration":25.264400000000023,"failureMessages":[],"meta":{}},{"ancestorTitles":["FileContextMenu"],"fullName":"FileContextMenu does not offer preview for non-previewable binary files","status":"passed","title":"does not offer preview for non-previewable binary files","duration":7.608600000000024,"failureMessages":[],"meta":{}}],"startTime":1785316121820,"endTime":1785316121903.6086,"status":"passed","message":"","name":"G:/AIproject/longxia_keli/hermes-web-ui/tests/client/file-context-menu.test.ts"},{"assertionResults":[{"ancestorTitles":["FileList layout"],"fullName":"FileList layout uses the same column grid for header and rows","status":"passed","title":"uses the same column grid for header and rows","duration":110.95569999999998,"failureMessages":[],"meta":{}}],"startTime":1785316120857,"endTime":1785316120967.9558,"status":"passed","message":"","name":"G:/AIproject/longxia_keli/hermes-web-ui/tests/client/file-list-layout.test.ts"},{"assertionResults":[{"ancestorTitles":["file path clipboard helpers"],"fullName":"file path clipboard helpers prefers absolute path metadata when available","status":"passed","title":"prefers absolute path metadata when available","duration":1.150000000000091,"failureMessages":[],"meta":{}},{"ancestorTitles":["file path clipboard helpers"],"fullName":"file path clipboard helpers falls back to the relative operation path for older API responses","status":"passed","title":"falls back to the relative operation path for older API responses","duration":0.15140000000019427,"failureMessages":[],"meta":{}}],"startTime":1785316128876,"endTime":1785316128877.1514,"status":"passed","message":"","name":"G:/AIproject/longxia_keli/hermes-web-ui/tests/client/file-path.test.ts"},{"assertionResults":[{"ancestorTitles":["FileTree profile scope"],"fullName":"FileTree profile scope loads root directories from the selected profile","status":"passed","title":"loads root directories from the selected profile","duration":49.959299999999985,"failureMessages":[],"meta":{}},{"ancestorTitles":["FileTree profile scope"],"fullName":"FileTree profile scope reloads the workspace tree when the workspace path changes for the same session","status":"passed","title":"reloads the workspace tree when the workspace path changes for the same session","duration":12.586799999999585,"failureMessages":[],"meta":{}}],"startTime":1785316122404,"endTime":1785316122467.587,"status":"passed","message":"","name":"G:/AIproject/longxia_keli/hermes-web-ui/tests/client/file-tree-profile-scope.test.ts"},{"assertionResults":[{"ancestorTitles":["files store"],"fullName":"files store detects special workspace filenames and extensionless text files","status":"passed","title":"detects special workspace filenames and extensionless text files","duration":4.45470000000023,"failureMessages":[],"meta":{}},{"ancestorTitles":["files store"],"fullName":"files store opens text previews with detected syntax language","status":"passed","title":"opens text previews with detected syntax language","duration":7.376000000000204,"failureMessages":[],"meta":{}},{"ancestorTitles":["files store"],"fullName":"files store resets profile scope for unscoped file panels","status":"passed","title":"resets profile scope for unscoped file panels","duration":1.7078000000001339,"failureMessages":[],"meta":{}},{"ancestorTitles":["files store"],"fullName":"files store does not let an older root fetch overwrite a later session workspace fetch","status":"passed","title":"does not let an older root fetch overwrite a later session workspace fetch","duration":2.2649999999998727,"failureMessages":[],"meta":{}},{"ancestorTitles":["files store"],"fullName":"files store keeps an explicit profile scope for config editor actions","status":"passed","title":"keeps an explicit profile scope for config editor actions","duration":2.508400000000165,"failureMessages":[],"meta":{}},{"ancestorTitles":["files store"],"fullName":"files store opens image previews without reading file contents","status":"passed","title":"opens image previews without reading file contents","duration":1.3564000000001215,"failureMessages":[],"meta":{}}],"startTime":1785316126039,"endTime":1785316126058.3564,"status":"passed","message":"","name":"G:/AIproject/longxia_keli/hermes-web-ui/tests/client/files-store.test.ts"},{"assertionResults":[{"ancestorTitles":["FilesView scoped config route handling"],"fullName":"FilesView scoped config route handling opens config.yaml in a focused profile config editor","status":"passed","title":"opens config.yaml in a focused profile config editor","duration":63.98710000000028,"failureMessages":[],"meta":{}},{"ancestorTitles":["FilesView scoped co
[...]
4999999996653,"failureMessages":[],"meta":{}},{"ancestorTitles":["useVoiceDialogue"],"fullName":"useVoiceDialogue beginCapture calls stopOutputAudio for the barge-in boundary","status":"passed","title":"beginCapture calls stopOutputAudio for the barge-in boundary","duration":0.529700000000048,"failureMessages":[],"meta":{}},{"ancestorTitles":["useVoiceDialogue"],"fullName":"useVoiceDialogue continues capture when stopOutputAudio rejects","status":"passed","title":"continues capture when stopOutputAudio rejects","duration":3.0545999999999367,"failureMessages":[],"meta":{}},{"ancestorTitles":["useVoiceDialogue"],"fullName":"useVoiceDialogue sets error state and emits session.error when sendMessage fails","status":"passed","title":"sets error state and emits session.error when sendMessage fails","duration":3.2622999999998683,"failureMessages":[],"meta":{}}],"startTime":1785316124086,"endTime":1785316124126.2622,"status":"passed","message":"","name":"G:/AIproject/longxia_keli/hermes-web-ui/tests/client/use-voice-dialogue.test.ts"},{"assertionResults":[{"ancestorTitles":["useVoiceSettings MiMo settings"],"fullName":"useVoiceSettings MiMo settings defaults MiMo auth and voice clone settings","status":"passed","title":"defaults MiMo auth and voice clone settings","duration":13.50799999999981,"failureMessages":[],"meta":{}},{"ancestorTitles":["useVoiceSettings MiMo settings"],"fullName":"useVoiceSettings MiMo settings persists MiMo auth mode and voice clone fields","status":"passed","title":"persists MiMo auth mode and voice clone fields","duration":50.75600000000031,"failureMessages":[],"meta":{}},{"ancestorTitles":["useVoiceSettings MiMo settings"],"fullName":"useVoiceSettings MiMo settings sanitizes invalid persisted MiMo auth mode and clone format","status":"passed","title":"sanitizes invalid persisted MiMo auth mode and clone format","duration":95.58619999999974,"failureMessages":[],"meta":{}}],"startTime":1785316124185,"endTime":1785316124344.5862,"status":"passed","message":"","name":"G:/AIproject/longxia_keli/hermes-web-ui/tests/client/use-voice-settings-mimo.test.ts"},{"assertionResults":[{"ancestorTitles":["isAnalysisShaped"],"fullName":"isAnalysisShaped returns false for null / undefined / primitives","status":"passed","title":"returns false for null / undefined / primitives","duration":3.320600000000013,"failureMessages":[],"meta":{}},{"ancestorTitles":["isAnalysisShaped"],"fullName":"isAnalysisShaped returns false for objects with no known keys","status":"passed","title":"returns false for objects with no known keys","duration":0.4715000000001055,"failureMessages":[],"meta":{}},{"ancestorTitles":["isAnalysisShaped"],"fullName":"isAnalysisShaped returns true when at least one hint key is present","status":"passed","title":"returns true when at least one hint key is present","duration":0.8541000000000167,"failureMessages":[],"meta":{}},{"ancestorTitles":["tryParseJson"],"fullName":"tryParseJson returns null on empty input","status":"passed","title":"returns null on empty input","duration":0.38269999999988613,"failureMessages":[],"meta":{}},{"ancestorTitles":["tryParseJson"],"fullName":"tryParseJson parses plain JSON","status":"passed","title":"parses plain JSON","duration":2.23720000000003,"failureMessages":[],"meta":{}},{"ancestorTitles":["tryParseJson"],"fullName":"tryParseJson parses JSON inside markdown code fence","status":"passed","title":"parses JSON inside markdown code fence","duration":0.7981999999999516,"failureMessages":[],"meta":{}},{"ancestorTitles":["tryParseJson"],"fullName":"tryParseJson parses prose-wrapped JSON","status":"passed","title":"parses prose-wrapped JSON","duration":0.44830000000001746,"failureMessages":[],"meta":{}},{"ancestorTitles":["tryParseJson"],"fullName":"tryParseJson ignores objects that do not look like analysis results","status":"passed","title":"ignores objects that do not look like analysis results","duration":0.36770000000001346,"failureMessages":[],"meta":{}},{"ancestorTitles":["tryParseJson"],"fullName":"tryParseJson handles nested objects and arrays correctly","status":"passed","title":"handles nested objects and arrays correctly","duration":0.4260999999999058,"failureMessages":[],"meta":{}},{"ancestorTitles":["tryParseJson"],"fullName":"tryParseJson handles escaped quotes inside strings","status":"passed","title":"handles escaped quotes inside strings","duration":0.36459999999988213,"failureMessages":[],"meta":{}},{"ancestorTitles":["tryParseJson"],"fullName":"tryParseJson skips a JSON with closing brace inside a string","status":"passed","title":"skips a JSON with closing brace inside a string","duration":0.2556999999999334,"failureMessages":[],"meta":{}},{"ancestorTitles":["tryParseJson"],"fullName":"tryParseJson parses real-world LLM output wrapped in markdown","status":"passed","title":"parses real-world LLM output wrapped in markdown","duration":0.5265999999999167,"failureMessages":[],"meta":{}},{"ancestorTitles":["tryParseBalancedJson"],"fullName":"tryParseBalancedJson returns null when no JSON object exists","status":"passed","title":"returns null when no JSON object exists","duration":0.20109999999999673,"failureMessages":[],"meta":{}},{"ancestorTitles":["tryParseBalancedJson"],"fullName":"tryParseBalancedJson returns null when only non-shaped objects are present","status":"passed","title":"returns null when only non-shaped objects are present","duration":0.16489999999998872,"failureMessages":[],"meta":{}},{"ancestorTitles":["tryParseBalancedJson"],"fullName":"tryParseBalancedJson finds the first shaped object","status":"passed","title":"finds the first shaped object","duration":0.2278000000001157,"failureMessages":[],"meta":{}},{"ancestorTitles":["looksLikeHtmlDocument"],"fullName":"looksLikeHtmlDocument rejects non-strings","status":"passed","title":"rejects non-strings","duration":0.2976000000001022,"failureMessages":[],"meta":{}},{"ancestorTitles":["looksLikeHtmlDocument"],"fullName":"looksLikeHtmlDocument rejects short strings","status":"passed","title":"rejects short strings","duration":0.2155999999999949,"failureMessages":[],"meta":{}},{"ancestorTitles":["looksLikeHtmlDocument"],"fullName":"looksLikeHtmlDocument accepts a long <html> document","status":"passed","title":"accepts a long <html> document","duration":0.22590000000013788,"failureMessages":[],"meta":{}},{"ancestorTitles":["looksLikeHtmlDocument"],"fullName":"looksLikeHtmlDocument accepts <html lang=\"zh-CN\">","status":"passed","title":"accepts <html lang=\"zh-CN\">","duration":0.16889999999989413,"failureMessages":[],"meta":{}},{"ancestorTitles":["escHtml"],"fullName":"escHtml escapes HTML-sensitive characters","status":"passed","title":"escapes HTML-sensitive characters","duration":0.24569999999994252,"failureMessages":[],"meta":{}},{"ancestorTitles":["escHtml"],"fullName":"escHtml returns empty string for null / undefined","status":"passed","title":"returns empty string for null / undefined","duration":0.16800000000012005,"failureMessages":[],"meta":{}},{"ancestorTitles":["escHtml"],"fullName":"escHtml coerces non-strings","status":"passed","title":"coerces non-strings","duration":0.13969999999994798,"failureMessages":[],"meta":{}},{"ancestorTitles":["escHtml"],"fullName":"escHtml escapes single quotes and ampersands","status":"passed","title":"escapes single quotes and ampersands","duration":0.1408000000001266,"failureMessages":[],"meta":{}}],"startTime":1785316127817,"endTime":1785316127830.2456,"status":"passed","message":"","name":"G:/AIproject/longxia_keli/hermes-web-ui/tests/client/useMeetingAnalysis.test.ts"},{"assertionResults":[{"ancestorTitles":["VirtualMessageList scroll behavior"],"fullName":"VirtualMessageList scroll behavior cancels queued bottom scrolling when the user scrolls away from the bottom","status":"passed","title":"cancels queued bottom scrolling when the user scrolls away from the bottom","duration":114.09270000000015,"failureMessages":[],"meta":{}},{"ancestorTitles":["VirtualMessageList scroll behavior"],"fullName":"VirtualMessageList scroll behavior locks auto-follow as soon as the user scrolls upward during streaming","status":"passed","title":"locks auto-follow as soon as the user scrolls upward during streaming","duration":11.694400000000314,"failureMessages":[],"meta":{}},{"ancestorTitles":["VirtualMessageList scroll behavior"],"fullName":"VirtualMessageList scroll behavior does not keep scrolling every animation frame for the whole keep-alive window","status":"passed","title":"does not keep scrolling every animation frame for the whole keep-alive window","duration":14.481899999999769,"failureMessages":[],"meta":{}},{"ancestorTitles":["VirtualMessageList scroll behavior"],"fullName":"VirtualMessageList scroll behavior cancels bottom scrolling when the user scrolls upward during a programmatic scroll window","status":"passed","title":"cancels bottom scrolling when the user scrolls upward during a programmatic scroll window","duration":7.035599999999249,"failureMessages":[],"meta":{}},{"ancestorTitles":["VirtualMessageList scroll behavior"],"fullName":"VirtualMessageList scroll behavior uses native scroll positioning when virtualization is disabled","status":"passed","title":"uses native scroll positioning when virtualization is disabled","duration":5.589899999999943,"failureMessages":[],"meta":{}}],"startTime":1785316117258,"endTime":1785316117411.5898,"status":"passed","message":"","name":"G:/AIproject/longxia_keli/hermes-web-ui/tests/client/virtual-message-list-scroll.test.ts"},{"assertionResults":[{"ancestorTitles":["VoiceDialogueControls"],"fullName":"VoiceDialogueControls starts recording from the mic button while idle","status":"passed","title":"starts recording from the mic button while idle","duration":43.40270000000055,"failureMessages":[],"meta":{}},{"ancestorTitles":["VoiceDialogueControls"],"fullName":"VoiceDialogueControls stops recording from the mic button while active","status":"passed","title":"stops recording from the mic button while active","duration":11.174399999999878,"failureMessages":[],"meta":{}},{"ancestorTitles":["VoiceDialogueControls"],"fullName":"VoiceDialogueControls shows transcript text while active","status":"passed","title":"shows transcript text while active","duration":6.4975000000004,"failureMessages":[],"meta":{}},{"ancestorTitles":["VoiceDialogueControls"],"fullName":"VoiceDialogueControls shows cancel only while active and calls onCancel","status":"passed","title":"shows cancel only while active and calls onCancel","duration":11.362499999999272,"failureMessages":[],"meta":{}},{"ancestorTitles":["VoiceDialogueControls"],"fullName":"VoiceDialogueControls shows overlay error when provided","status":"passed","title":"shows overlay error when provided","duration":5.441600000000108,"failureMessages":[],"meta":{}},{"ancestorTitles":["VoiceDialogueControls"],"fullName":"VoiceDialogueControls renders human-readable status, transcript, and error diagnostics","status":"passed","title":"renders human-readable status, transcript, and error diagnostics","duration":5.590400000000045,"failureMessages":[],"meta":{}},{"ancestorTitles":["VoiceDialogueControls"],"fullName":"VoiceDialogueControls does not render the debug event list when debug is false or omitted","status":"passed","title":"does not render the debug event list when debug is false or omitted","duration":15.268100000000231,"failureMessages":[],"meta":{}},{"ancestorTitles":["VoiceDialogueControls"],"fullName":"VoiceDialogueControls renders only the last five event type strings in order when debug is true","status":"passed","title":"renders only the last five event type strings in order when debug is true","duration":14.672499999999673,"failureMessages":[],"meta":{}},{"ancestorTitles":["VoiceDialogueControls"],"fullName":"VoiceDialogueControls does not treat error state as active controls","status":"passed","title":"does not treat error state as active controls","duration":7.6817999999993845,"failureMessages":[],"meta":{}},{"ancestorTitles":["VoiceDialogueControls"],"fullName":"VoiceDialogueControls renders the transcript overlay as a floating anchored element","status":"passed","title":"renders the transcript overlay as a floating anchored element","duration":10.28269999999975,"failureMessages":[],"meta":{}},{"ancestorTitles":["VoiceDialogueControls"],"fullName":"VoiceDialogueControls reflects the active state in aria-pressed","status":"passed","title":"reflects the active state in aria-pressed","duration":9.835300000000643,"failureMessages":[],"meta":{}},{"ancestorTitles":["VoiceDialogueControls"],"fullName":"VoiceDialogueControls mounts the voice controls in ChatInput and preserves text send behavior","status":"passed","title":"mounts the voice controls in ChatInput and preserves text send behavior","duration":160.96720000000005,"failureMessages":[],"meta":{}},{"ancestorTitles":["VoiceDialogueControls"],"fullName":"VoiceDialogueControls opens realtime voice from voice mode in input settings without replacing the STT microphone","status":"passed","title":"opens realtime voice from voice mode in input settings without replacing the STT microphone","duration":46.895800000000236,"failureMessages":[],"meta":{}},{"ancestorTitles":["VoiceDialogueControls"],"fullName":"VoiceDialogueControls keeps voice event debug diagnostics hidden in the normal ChatInput path","status":"passed","title":"keeps voice event debug diagnostics hidden in the normal ChatInput path","duration":87.95160000000033,"failureMessages":[],"meta":{}},{"ancestorTitles":["VoiceDialogueControls"],"fullName":"VoiceDialogueControls keeps debug diagnostics hidden by default in ChatInput even when live voice events include sensitive payloads","status":"passed","title":"keeps debug diagnostics hidden by default in ChatInput even when live voice events include sensitive payloads","duration":50.55609999999979,"failureMessages":[],"meta":{}},{"ancestorTitles":["VoiceDialogueControls"],"fullName":"VoiceDialogueControls passes live voice dialogue events into VoiceDialogueControls while leaving debug disabled in ChatInput","status":"passed","title":"passes live voice dialogue events into VoiceDialogueControls while leaving debug disabled in ChatInput","duration":84.63310000000092,"failureMessages":[],"meta":{}},{"ancestorTitles":["VoiceDialogueControls"],"fullName":"VoiceDialogueControls stops output audio before starting mic capture from ChatInput","status":"passed","title":"stops output audio before starting mic capture from ChatInput","duration":41.96609999999964,"failureMessages":[],"meta":{}},{"ancestorTitles":["VoiceDialogueControls"],"fullName":"VoiceDialogueControls records, transcribes with the selected backend provider, and stages the transcript for editing","status":"passed","title":"records, transcribes with the selected backend provider, and stages the transcript for editing","duration":61.22409999999945,"failureMessages":[],"meta":{}},{"ancestorTitles":["VoiceDialogueControls"],"fullName":"VoiceDialogueControls uses Doubao as a server-backed STT provider without client-side credentials","status":"passed","title":"uses Doubao as a server-backed STT provider without client-side credentials","duration":47.51209999999992,"failureMessages":[],"meta":{}},{"ancestorTitles":["VoiceDialogueControls"],"fullName":"VoiceDialogueControls uses browser speech recognition when the browser provider is selected and stages the transcript","status":"passed","title":"uses browser speech recognition when the browser provider is selected and stages the transcript","duration":61.1927999999989,"failureMessages":[],"meta":{}},{"ancestorTitles":["VoiceDialogueControls"],"fullName":"VoiceDialogueControls shows browser recognition errors only for the browser provider and clears stale browser errors before backend capture","status":"passed","title":"shows browser recognition errors only for the browser provider and clears stale browser errors before backend capture","duration":164.0532000000003,"failureMessages":[],"meta":{}},{"ancestorTitles":["VoiceDialogueControls"],"fullName":"VoiceDialogueControls cancels browser speech recognition without transcribing or sending","status":"passed","title":"cancels browser speech recognition without transcribing or sending","duration":49.30319999999847,"failureMessages":[],"meta":{}},{"ancestorTitles":["VoiceDialogueControls"],"fullName":"VoiceDialogueControls stages a transcribed stop phrase for editing instead of routing it as a control intent","status":"passed","title":"stages a transcribed stop phrase for editing instead of routing it as a control intent","duration":47.40549999999894,"failureMessages":[],"meta":{}},{"ancestorTitles":["VoiceDialogueControls"],"fullName":"VoiceDialogueControls appends a transcribed status phrase to the editable draft without clearing attachments","status":"passed","title":"appends a transcribed status phrase to the editable draft without clearing attachments","duration":69.46569999999883,"failureMessages":[],"meta":{}},{"ancestorTitles":["VoiceDialogueControls"],"fullName":"VoiceDialogueControls does not transcribe or send when recording is stopped during pending mic startup","status":"passed","title":"does not transcribe or send when recording is stopped during pending mic startup","duration":57.40319999999883,"failureMessages":[],"meta":{}},{"ancestorTitles":["VoiceDialogueControls"],"fullName":"VoiceDialogueControls cancels an active voice capture from ChatInput","status":"passed","title":"cancels an active voice capture from ChatInput","duration":42.662500000000364,"failureMessages":[],"meta":{}}],"startTime":1785316108550,"endTime":1785316109766.6626,"status":"passed","message":"","name":"G:/AIproject/longxia_keli/hermes-web-ui/tests/client/voice-dialogue-controls.test.ts"},{"assertionResults":[{"ancestorTitles":["workflow skill helpers"],"fullName":"workflow skill helpers maps workflow agents to skill API targets","status":"passed","title":"maps workflow agents to skill API targets","duration":2.6007999999999356,"failureMessages":[],"meta":{}},{"ancestorTitles":["workflow skill helpers"],"fullName":"workflow skill helpers builds sorted enabled skill options without duplicate names","status":"passed","title":"builds sorted enabled skill options without duplicate names","duration":18.74570000000017,"failureMessages":[],"meta":{}}],"startTime":1785316126901,"endTime":1785316126922.7456,"status":"passed","message":"","name":"G:/AIproject/longxia_keli/hermes-web-ui/tests/client/workflow-skills.test.ts"},{"assertionResults":[{"ancestorTitles":["workflow socket client"],"fullName":"workflow socket client reuses the pending socket for the same profile","status":"passed","title":"reuses the pending socket for the same profile","duration":440.4886,"failureMessages":[],"meta":{}},{"ancestorTitles":["workflow socket client"],"fullName":"workflow socket client recreates the socket when the profile changes","status":"passed","title":"recreates the socket when the profile changes","duration":34.781799999999976,"failureMessages":[],"meta":{}}],"startTime":1785316125362,"endTime":1785316125837.7817,"status":"passed","message":"","name":"G:/AIproject/longxia_keli/hermes-web-ui/tests/client/workflow-socket.test.ts"},{"assertionResults":[{"ancestorTitles":["workspace long names"],"fullName":"workspace long names exposes full file names as hover titles in the file list","status":"passed","title":"exposes full file names as hover titles in the file list","duration":311.78119999999944,"failureMessages":[],"meta":{}},{"ancestorTitles":["workspace long names"],"fullName":"workspace long names exposes full folder names as hover titles in the workspace tree","status":"passed","title":"exposes full folder names as hover titles in the workspace tree","duration":179.1347999999998,"failureMessages":[],"meta":{}}],"startTime":1785316116773,"endTime":1785316117264.1348,"status":"passed","message":"","name":"G:/AIproject/longxia_keli/hermes-web-ui/tests/client/workspace-long-names.test.ts"}]}