{"numTotalTestSuites":477,"numPassedTestSuites":398,"numFailedTestSuites":79,"numPendingTestSuites":0,"numTotalTests":1687,"numPassedTests":1553,"numFailedTests":129,"numPendingTests":5,"numTodoTests":0,"snapshot":{"added":0,"failure":false,"filesAdded":0,"filesRemoved":0,"filesRemovedList":[],"filesUnmatched":0,"filesUpdated":0,"matched":0,"total":0,"unchecked":0,"uncheckedKeysByFile":[],"unmatched":0,"updated":0,"didUpdate":false},"startTime":1785317136299,"success":false,"testResults":[{"assertionResults":[{"ancestorTitles":["AgentBridgeClient clarify responses"],"fullName":"AgentBridgeClient clarify responses sends clarify_respond requests to the bridge","status":"passed","title":"sends clarify_respond requests to the bridge","duration":341.75099999999986,"failureMessages":[],"meta":{}}],"startTime":1785317150049,"endTime":1785317150390.751,"status":"passed","message":"","name":"G:/AIproject/longxia_keli/hermes-web-ui/tests/server/agent-bridge-client-clarify.test.ts"},{"assertionResults":[{"ancestorTitles":["agent bridge /learn command"],"fullName":"agent bridge /learn command returns a generated learn prompt as a handled bridge command","status":"failed","title":"returns a generated learn prompt as a handled bridge command","duration":265.82759999999996,"failureMessages":["Error: Command failed: python3 -c \nimport contextlib\nimport importlib.util\nimport json\nimport sys\nimport tempfile\nimport types\nfrom pathlib import Path\n\nbridge_runtime = types.ModuleType(\"bridge_runtime\")\nbridge_runtime.APPROVAL_TIMEOUT_MS = 1000\nbridge_runtime.APPROVAL_TIMEOUT_SECONDS = 1\nbridge_runtime._approval_pattern_keys = lambda *_args, **_kwargs: []\nbridge_runtime._base_hermes_home = lambda: Path(tempfile.gettempdir())\nbridge_runtime._bridge_platform = lambda: \"agent-bridge\"\nbridge_runtime._cfg_max_turns = lambda *_args, **_kwargs: 20\nbridge_runtime._discover_bridge_mcp_tools = lambda *_args, **_kwargs: []\nbridge_runtime._ensure_agent_imports = lambda: None\nbridge_runtime._hermes_home = lambda *_args, **_kwargs: Path(tempfile.gettempdir())\nbridge_runtime._install_execute_code_approval_memory_patch = lambda *_args, **_kwargs: None\nbridge_runtime._jsonable = lambda value: value\nbridge_runtime._load_cfg = lambda *_args, **_kwargs: {}\nbridge_runtime._load_enabled_toolsets = lambda *_args, **_kwargs: []\nbridge_runtime._load_reasoning_config = lambda *_args, **_kwargs: {}\nbridge_runtime._load_service_tier = lambda *_args, **_kwargs: None\nbridge_runtime._mcp_tool_names_from_names = lambda *_args, **_kwargs: []\nbridge_runtime._persist_execute_code_approval_choice = lambda *_args, **_kwargs: None\nbridge_runtime._profile_home = lambda *_args, **_kwargs: Path(tempfile.gettempdir())\nbridge_runtime._refresh_approval_allowlist = lambda *_args, **_kwargs: None\nbridge_runtime._refresh_worker_profile_env = lambda *_args, **_kwargs: None\nbridge_runtime._resolve_model = lambda *_args, **_kwargs: (\"model\", \"provider\")\nbridge_runtime._resolve_runtime = lambda *_args, **_kwargs: {}\nbridge_runtime._suppress_bridge_platform_hint = contextlib.nullcontext\nbridge_runtime._title_user_message = lambda value: value\nbridge_runtime._tool_names_from_definitions = lambda *_args, **_kwargs: []\n\n@contextlib.contextmanager\ndef _profile_env(_profile):\n    yield\n\nbridge_runtime._profile_env = _profile_env\nsys.modules[\"bridge_runtime\"] = bridge_runtime\n\nspec = importlib.util.spec_from_file_location(\n    \"bridge_pool\",\n    \"packages/server/src/services/hermes/agent-bridge/python/bridge_pool.py\",\n)\nbridge_pool = importlib.util.module_from_spec(spec)\nassert spec.loader is not None\nsys.modules[\"bridge_pool\"] = bridge_pool\nspec.loader.exec_module(bridge_pool)\n\nagent_pkg = types.ModuleType(\"agent\")\nagent_pkg.__path__ = []\nsys.modules[\"agent\"] = agent_pkg\n\nlearn_prompt = types.ModuleType(\"agent.learn_prompt\")\nlearn_prompt.build_learn_prompt = lambda arg: \"expanded learn prompt: \" + arg\nsys.modules[\"agent.learn_prompt\"] = learn_prompt\n\npool = bridge_pool.AgentPool()\nprint(json.dumps(pool.dispatch_command(\"session-1\", \"/learn from docs\", \"default\")))\n\n    at runPython (G:\\AIproject\\longxia_keli\\hermes-web-ui\\tests\\server\\agent-bridge-learn-command.test.ts:14:11)\n    at G:\\AIproject\\longxia_keli\\hermes-web-ui\\tests\\server\\agent-bridge-learn-command.test.ts:77:20\n    at file:///G:/AIproject/longxia_keli/hermes-web-ui/node_modules/@vitest/runner/dist/chunk-hooks.js:155:11\n    at file:///G:/AIproject/longxia_keli/hermes-web-ui/node_modules/@vitest/runner/dist/chunk-hooks.js:752:26\n    at file:///G:/AIproject/longxia_keli/hermes-web-ui/node_modules/@vitest/runner/dist/chunk-hooks.js:1897:20\n    at new Promise (<anonymous>)\n    at runWithTimeout (file:///G:/AIproject/longxia_keli/hermes-web-ui/node_modules/@vitest/runner/dist/chunk-hooks.js:1863:10)\n    at runTest (file:///G:/AIproject/longxia_keli/hermes-web-ui/node_modules/@vitest/runner/dist/chunk-hooks.js:1574:12)\n    at processTicksAndRejections (node:internal/process/task_queues:104:5)\n    at runSuite (file:///G:/AIproject/longxia_keli/hermes-web-ui/node_modules/@vitest/runner/dist/chunk-hooks.js:1729:8)"],"meta":{}},{"ancestorTitles":["agent bridge /learn command"],"fullName":"agent bridge /learn command returns a clear unsupported-runtime message when agent.learn_prompt is missing","status":"failed","title":"returns a clear unsupported-runtime message when agent.learn_prompt is missing","duration":282.9338,"failureMessages":["Error: Command failed: python3 -c \nimport contextlib\nimport importlib.util\nimport json\nimport sys\nimport tempfile\nimport types\nfrom pathlib import Path\n\nbridge_runtime = types.ModuleType(\"bridge_runtime\")\nbridge_runtime.APPROVAL_TIMEOUT_MS = 1000\nbridge_runtime.APPROVAL_TIMEOUT_SECONDS = 1\nbridge_runtime._approval_pattern_keys = lambda *_args, **_kwargs: []\nbridge_runtime._base_hermes_home = lambda: Path(tempfile.gettempdir())\nbridge_runtime._bridge_platform = lambda: \"agent-bridge\"\nbridge_runtime._cfg_max_turns = lambda *_args, **_kwargs: 20\nbridge_runtime._discover_bridge_mcp_tools = lambda *_args, **_kwargs: []\nbridge_runtime._ensure_agent_imports = lambda: None\nbridge_runtime._hermes_home = lambda *_args, **_kwargs: Path(tempfile.gettempdir())\nbridge_runtime._install_execute_code_approval_memory_patch = lambda *_args, **_kwargs: None\nbridge_runtime._jsonable = lambda value: value\nbridge_runtime._load_cfg = lambda *_args, **_kwargs: {}\nbridge_runtime._load_enabled_toolsets = lambda *_args, **_kwargs: []\nbridge_runtime._load_reasoning_config = lambda *_args, **_kwargs: {}\nbridge_runtime._load_service_tier = lambda *_args, **_kwargs: None\nbridge_runtime._mcp_tool_names_from_names = lambda *_args, **_kwargs: []\nbridge_runtime._persist_execute_code_approval_choice = lambda *_args, **_kwargs: None\nbridge_runtime._profile_home = lambda *_args, **_kwargs: Path(tempfile.gettempdir())\nbridge_runtime._refresh_approval_allowlist = lambda *_args, **_kwargs: None\nbridge_runtime._refresh_worker_profile_env = lambda *_args, **_kwargs: None\nbridge_runtime._resolve_model = lambda *_args, **_kwargs: (\"model\", \"provider\")\nbridge_runtime._resolve_runtime = lambda *_args, **_kwargs: {}\nbridge_runtime._suppress_bridge_platform_hint = contextlib.nullcontext\nbridge_runtime._title_user_message = lambda value: value\nbridge_runtime._tool_names_from_definitions = lambda *_args, **_kwargs: []\n\n@contextlib.contextmanager\ndef _profile_env(_profile):\n    yield\n\nbridge_runtime._profile_env = _profile_env\nsys.modules[\"bridge_runtime\"] = bridge_runtime\n\nspec = importlib.util.spec_from_file_location(\n    \"bridge_pool\",\n    \"packages/server/src/services/hermes/agent-bridge/python/bridge_pool.py\",\n)\nbridge_pool = importlib.util.module_from_spec(spec)\nassert spec.loader is not None\nsys.modules[\"bridge_pool\"] = bridge_pool\nspec.loader.exec_module(bridge_pool)\n\nagent_pkg = types.ModuleType(\"agent\")\nagent_pkg.__path__ = []\nsys.modules[\"agent\"] = agent_pkg\nsys.modules.pop(\"agent.learn_prompt\", None)\n\npool = bridge_pool.AgentPool()\nprint(json.dumps(pool.dispatch_command(\"session-1\", \"/learn from docs\", \"default\")))\n\n    at runPython (G:\\AIproject\\longxia_keli\\hermes-web-ui\\tests\\server\\agent-bridge-learn-command.test.ts:14:11)\n    at G:\\AIproject\\longxia_keli\\hermes-web-ui\\tests\\server\\agent-bridge-learn-command.test.ts:100:20\n    at file:///G:/AIproject/longxia_keli/hermes-web-ui/node_modules/@vitest/runner/dist/chunk-hooks.js:155:11\n    at file:///G:/AIproject/longxia_keli/hermes-web-ui/node_modules/@vitest/runner/dist/chunk-hooks.js:752:26\n    at file:///G:/AIproject/longxia_keli/hermes-web-ui/node_modules/@vitest/runner/dist/chunk-hooks.js:1897:20\n    at new Promise (<anonymous>)\n    at runWithTimeout (file:///G:/AIproject/longxia_keli/hermes-web-ui/node_modules/@vitest/runner/dist/chunk-hooks.js:1863:10)\n    at runTest (file:///G:/AIproject/longxia_keli/hermes-web-ui/node_modules/@vitest/runner/dist/chunk-hooks.js:1574:12)\n    at processTicksAndRejections (node:internal/process/task_queues:104:5)\n    at runSuite (file:///G:/AIproject/longxia_keli/hermes-web-ui/node_modules/@vitest/runner/dist/chunk-hooks.js:1729:8)"],"meta":{}}],"startTime":1785317138287,"endTime":1785317138835.9338,"status":"failed","message":"","name":"G:/AIproject/longxia_keli/hermes-web-ui/tests/server/agent-bridge-learn-command.test.ts"},{"assertionResults":[{"ancestorTitles":["agent bridge manager command resolution"],"fullName":"agent bridge manager command resolution uses the installed hermes command Python when no source root exists","status":"passed","title":"uses the installed hermes command Python when no source root exists","duration":593.0126,"failureMessages":[],"meta":{}},{"ancestorTitles":["agent bridge manager command resolution"],"fullName":"agent bridge manager command resolution discovers hermes-agent from a global lib install next to the hermes command","status":"passed","title":"discovers hermes-agent from a global lib install next to the hermes command","duration":279.4191999999998,"failureMessages":[],"meta":{}},{"ancestorTitles":["agent bridge manager command resolution"],"fullName":"agent bridge manager command resolution falls back to system Python instead of uv when no source root exists","status":"passed","title":"falls back to system Python instead of uv when no source root exists","duration":277.0426000000002,"failureMessages":[],"meta":{}},{"ancestorTitles":["agent bridge manager command resolution"],"fullName":"agent bridge manager command resolution injects Web UI OpenRouter attribution into the bridge process env by default","status":"passed","title":"injects Web UI OpenRouter attribution into the bridge process env by default","duration":167.1520999999998,"failureMessages":[],"meta":{}},{"ancestorTitles":["agent bridge manager command resolution"],"fullName":"agent bridge manager command resolution keeps explicit OpenRouter attribution env values when starting the bridge","status":"passed","title":"keeps explicit OpenRouter attribution env values when starting the bridge","duration":127.67579999999998,"failureMessages":[],"meta":{}},{"ancestorTitles":["agent bridge manager command resolution"],"fullName":"agent bridge manager command resolution removes inherited Anthropic auth token from the bridge process env","status":"passed","title":"removes inherited Anthropic auth token from the bridge process env","duration":221.31899999999996,"failureMessages":[],"meta":{}},{"ancestorTitles":["agent bridge manager command resolution"],"fullName":"agent bridge manager command resolution uses an isolated default bridge endpoint while running under Vitest","status":"failed","title":"uses an isolated default bridge endpoint while running under Vitest","duration":133.58190000000013,"failureMessages":["AssertionError: expected 'tcp://127.0.0.1:32544' to contain 'hermes-agent-bridge-test-274544'\n    at G:\\AIproject\\longxia_keli\\hermes-web-ui\\tests\\server\\agent-bridge-manager.test.ts:150:43\n    at processTicksAndRejections (node:internal/process/task_queues:104:5)\n    at file:///G:/AIproject/longxia_keli/hermes-web-ui/node_modules/@vitest/runner/dist/chunk-hooks.js:752:20"],"meta":{}},{"ancestorTitles":["agent bridge manager command resolution"],"fullName":"agent bridge manager command resolution honors the bridge connect retry environment override","status":"passed","title":"honors the bridge connect retry environment override","duration":69.92549999999983,"failureMessages":[],"meta":{}},{"ancestorTitles":["agent bridge manager command resolution"],"fullName":"agent bridge manager command resolution waits briefly for a restarting bridge socket before failing","status":"passed","title":"waits briefly for a restarting bridge socket before failing","duration":205.17699999999968,"failureMessages":[],"meta":{}},{"ancestorTitles":["agent bridge manager command resolution"],"fullName":"agent bridge manager command resolution reports readiness when a fake TCP server answers ping with pong","status":"passed","title":"reports readiness when a fake TCP server answers ping with pong","duration":488.4443000000001,"failureMessages":[],"meta":{}},{"ancestorTitles":["agent bridge manager command resolution"],"fullName":"agent bridge manager command resolution reports unreachable instead of throwing when endpoint is missing","status":"passed","title":"reports unreachable instead of throwing when endpoint is missing","duration":162.61699999999928,"failureMessages":[],"meta":{}},{"ancestorTitles":["agent bridge manager command resolution"],"fullName":"agent bridge manager command resolution reports starting readiness without pinging the bridge","status":"passed","title":"reports starting readiness without pinging the bridge","duration":264.8599999999997,"failureMessages":[],"meta":{}},{"ancestorTitles":["agent bridge manager command resolution"],"fullName":"agent bridge manager command resolution reports stopping readiness without pinging the bridge","status":"passed","title":"reports stopping readiness without pinging the bridge","duration":64.61509999999998,"failureMessages":[],"meta":{}},{"ancestorTitles":["agent bridge manager command resolution"],"fullName":"agent bridge manager command resolution reports restarting readiness without pinging the bridge","status":"passed","title":"reports restarting readiness without pinging the bridge","duration":56.14419999999973,"failureMessages":[],"meta":{}},{"ancestorTitles":["agent bridge manager command resolution"],"fullName":"agent bridge manager command resolution attaches to an already running bridge instead of spawning a replacement","status":"passed","title":"attaches to an already running bridge instead of spawning a replacement","duration":304.15900000000056,"failureMessages":[],"meta":{}},{"ancestorTitles":["agent bridge manager command resolution"],"fullName":"agent bridge manager command resolution requests shutdown when stopping an attached bridge","status":"passed","title":"requests shutdown when stopping an attached bridge","duration":133.34850000000006,"failureMessages":[],"meta":{}},{"ancestorTitles":["agent bridge manager command resolution"],"fullName":"agent bridge manager command resolution clears stopping after stop completes for an attached bridge","status":"passed","title":"clears stopping after stop completes for an attached bridge","duration":139.7525000000005,"failureMessages":[],"meta":{}},{"ancestorTitles":["agent bridge manager command resolution"],"fullName":"agent bridge manager command resolution returns unreachable without attempting recovery when recover is false","status":"passed","title":"returns unreachable without attempting recovery when recover is false","duration":129.90509999999995,"failureMessages":[],"meta":{}},{"ancestorTitles":["agent bridge manager command resolution"],"fullName":"agent bridge manager command resolution returns immediately when the bridge is already reachable","status":"passed","title":"returns immediately when the bridge is already reachable","duration":173.4393999999993,"failureMessages":[],"meta":{}},{"ancestorTitles":["agent bridge manager command resolution"],"fullName":"agent bridge manager command resolution waits for an in-flight start before re-checking readiness","status":"passed","title":"waits for an in-flight start before re-checking readiness","duration":168.20830000000024,"failureMessages":[],"meta":{}},{"ancestorTitles":["agent bridge manager command resolution"],"fullName":"agent bridge manager command resolution bounds an in-flight start by caller timeout","status":"passed","title":"bounds an in-flight start by caller timeout","duration":158.38190000000031,"failureMessages":[],"meta":{}},{"ancestorTitles":["agent bridge manager command resolution"],"fullName":"agent bridge manager command resolution coalesces callers onto an existing managed recovery","status":"passed","title":"coalesces callers onto an existing managed recovery","duration":100.61020000000008,"failureMessages":[],"meta":{}},{"ancestorTitles":["agent bridge manager command resolution"],"fullName":"agent bridge manager command resolution does not run destructive managed recovery on legacy global default endpoints","status":"passed","title":"does not run destructive managed recovery on legacy global default endpoints","duration":114.98819999999978,"failureMessages":[],"meta":{}},{"ancestorTitles":["agent bridge manager command resolution"],"fullName":"agent bridge manager command resolution waits for the old managed child to exit before starting replacement recovery","status":"passed","title":"waits for the old managed child to exit before starting replacement recovery","duration":142.34529999999995,"failureMessages":[],"meta":{}},{"ancestorTitles":["agent bridge manager command resolution"],"fullName":"agent bridge manager command resolution does not restart managed recovery after an explicit stop wins the race","status":"passed","title":"does not restart managed recovery after an explicit stop wins the race","duration":68.88540000000012,"failureMessages":[],"meta":{}},{"ancestorTitles":["agent bridge manager command resolution"],"fullName":"agent bridge manager command resolution bounds managed-child recovery by escalating to SIGKILL before starting replacement","status":"passed","title":"bounds managed-child recovery by escalating to SIGKILL before starting replacement","duration":111.43249999999989,"failureMessages":[],"meta":{}},{"ancestorTitles":["agent bridge manager command resolution"],"fullName":"agent bridge manager command resolution ignores the exiting stale managed child while delaying replacement until exit","status":"passed","title":"ignores the exiting stale managed child while delaying replacement until exit","duration":791.2085999999999,"failureMessages":[],"meta":{}},{"ancestorTitles":["agent bridge manager command resolution"],"fullName":"agent bridge manager command resolution returns follow-up reachable readiness when restart fails after the bridge comes up","status":"passed","title":"returns follow-up reachable readiness when restart fails after the bridge comes up","duration":139.2489999999998,"failureMessages":[],"meta":{}},{"ancestorTitles":["agent bridge manager command resolution"],"fullName":"agent bridge manager command resolution keeps follow-up unreachable readiness while adding restart failure context","status":"passed","title":"keeps follow-up unreachable readiness while adding restart failure context","duration":92.58279999999922,"failureMessages":[],"meta":{}},{"ancestorTitles":["agent bridge manager command resolution"],"fullName":"agent bridge manager command resolution preserves attached external bridge state when readiness becomes unreachable","status":"passed","title":"preserves attached external bridge state when readiness becomes unreachable","duration":76.85620000000017,"failureMessages":[],"meta":{}}],"startTime":1785317138281,"endTime":1785317144237.8562,"status":"failed","message":"","name":"G:/AIproject/longxia_keli/hermes-web-ui/tests/server/agent-bridge-manager.test.ts"},{"assertionResults":[{"ancestorTitles":["agent bridge MCP tools filtering"],"fullName":"agent bridge MCP tools filtering treats an empty include list as an active filter and keeps raw listing unfiltered","status":"failed","title":"treats an empty include list as an active filter and keeps raw listing unfiltered","duration":331.3958,"failureMessages":["Error: Command failed: python3 -c \nimport importlib.util\nimport json\nimport sys\nimport threading\nfrom pathlib import Path\n\npath = Path(\"packages/server/src/services/hermes/agent-bridge/python/hermes_bridge.py\")\nspec = importlib.util.spec_from_file_location(\"hermes_bridge\", path)\nbridge = importlib.util.module_from_spec(spec)\nsys.modules[spec.name] = bridge\nspec.loader.exec_module(bridge)\n\nclass Tool:\n    def __init__(self, name):\n        self.name = name\n        self.description = f\"{name} description\"\n        self.inputSchema = {\"type\": \"object\"}\n\nclass Task:\n    _task = None\n    _error = None\n\n    def __init__(self):\n        self._tools = [Tool(\"read_file\"), Tool(\"write_file\"), Tool(\"delete_file\")]\n        self._registered_tool_names = [\"read_file\", \"write_file\", \"delete_file\"]\n        self._config = {\"command\": \"mcp-server\"}\n\nserver = bridge.BridgeServer(\"tcp://127.0.0.1:0\")\nservers = {\"fs\": Task()}\nlock = threading.RLock()\n\ndef names(response):\n    return [tool[\"name\"] for tool in response[\"results\"][0][\"tools\"]]\n\nserver._read_mcp_config = lambda profile: {\n    \"mcp_servers\": {\n        \"fs\": {\n            \"command\": \"mcp-server\",\n            \"tools\": {\"include\": []},\n        },\n    },\n}\ninclude_empty = server._mcp_tools_list({\"server\": \"fs\"}, \"default\", servers, lock)\ninclude_empty_list = server._mcp_list(\"default\", servers, lock)\ninclude_empty_raw = server._mcp_tools_list({\"server\": \"fs\", \"raw\": True}, \"default\", servers, lock)\n\nserver._read_mcp_config = lambda profile: {\n    \"mcp_servers\": {\n        \"fs\": {\n            \"command\": \"mcp-server\",\n            \"tools\": {\"include\": [\"read_file\"]},\n        },\n    },\n}\ninclude_one = server._mcp_tools_list({\"server\": \"fs\"}, \"default\", servers, lock)\n\nserver._read_mcp_config = lambda profile: {\n    \"mcp_servers\": {\n        \"fs\": {\n            \"command\": \"mcp-server\",\n            \"tools\": {\"exclude\": [\"delete_file\"]},\n        },\n    },\n}\nexclude_one = server._mcp_tools_list({\"server\": \"fs\"}, \"default\", servers, lock)\n\nprint(json.dumps({\n    \"include_empty\": names(include_empty),\n    \"include_empty_details\": include_empty_list[\"servers\"][0][\"tool_details\"],\n    \"include_empty_raw\": names(include_empty_raw),\n    \"include_one\": names(include_one),\n    \"exclude_one\": names(exclude_one),\n}))\n\n    at runPython (G:\\AIproject\\longxia_keli\\hermes-web-ui\\tests\\server\\agent-bridge-mcp-tools-filter.test.ts:14:11)\n    at G:\\AIproject\\longxia_keli\\hermes-web-ui\\tests\\server\\agent-bridge-mcp-tools-filter.test.ts:24:20\n    at file:///G:/AIproject/longxia_keli/hermes-web-ui/node_modules/@vitest/runner/dist/chunk-hooks.js:155:11\n    at file:///G:/AIproject/longxia_keli/hermes-web-ui/node_modules/@vitest/runner/dist/chunk-hooks.js:752:26\n    at file:///G:/AIproject/longxia_keli/hermes-web-ui/node_modules/@vitest/runner/dist/chunk-hooks.js:1897:20\n    at new Promise (<anonymous>)\n    at runWithTimeout (file:///G:/AIproject/longxia_keli/hermes-web-ui/node_modules/@vitest/runner/dist/chunk-hooks.js:1863:10)\n    at runTest (file:///G:/AIproject/longxia_keli/hermes-web-ui/node_modules/@vitest/runner/dist/chunk-hooks.js:1574:12)\n    at processTicksAndRejections (node:internal/process/task_queues:104:5)\n    at runSuite (file:///G:/AIproject/longxia_keli/hermes-web-ui/node_modules/@vitest/runner/dist/chunk-hooks.js:1729:8)"],"meta":{}}],"startTime":1785317140115,"endTime":1785317140446.3958,"status":"failed","message":"","name":"G:/AIproject/longxia_keli/hermes-web-ui/tests/server/agent-bridge-mcp-tools-filter.test.ts"},{"assertionResults":[{"ancestorTitles":["agent bridge JSON encoding"],"fullName":"agent bridge JSON encoding replaces lone surrogate characters before bridge socket writes","status":"failed","title":"replaces lone surrogate characters before bridge socket writes","duration":294.14840000000004,"failureMessages":["Error: Command failed: python3 -c \nimport importlib.util\nimport json\nimport os\nimport sys\n\nspec = importlib.util.spec_from_file_location(\"hermes_bridge\", os.environ[\"BRIDGE_PATH\"])\nbridge = importlib.util.module_from_spec(spec)\nsys.modules[\"hermes_bridge\"] = bridge\nspec.loader.exec_module(bridge)\n\nclass FakeSocket:\n    def __init__(self):\n        self.sent = []\n        self.closed = False\n        self._read = False\n\n    def sendall(self, payload):\n        self.sent.append(payload)\n\n    def recv(self, size):\n        if self._read:\n            return b\"\"\n        self._read = True\n        return b'{\"ok\":true}\\n'\n\n    def close(self):\n        self.closed = True\n\nclass FakeConn:\n    def __init__(self):\n        self.sent = b\"\"\n\n    def sendall(self, payload):\n        self.sent += payload\n\nfake_socket = FakeSocket()\nbridge._connect_bridge_socket = lambda endpoint, timeout: fake_socket\nbridge._send_bridge_request(\"tcp://127.0.0.1:1\", {\n    \"message\": \"request-\\ud800\",\n    \"items\": [\"nested-\\udfff\"],\n}, 1)\n\nfake_conn = FakeConn()\nbridge._write_json_response(fake_conn, {\n    \"ok\": True,\n    \"message\": \"response-\\udc00\",\n    \"nested\": {\"key-\\ud800\": \"value-\\udfff\"},\n})\n\nprint(json.dumps({\n    \"request\": json.loads(fake_socket.sent[0].decode(\"utf-8\")),\n    \"response\": json.loads(fake_conn.sent.decode(\"utf-8\")),\n    \"closed\": fake_socket.closed,\n}))\n\n\n    at genericNodeError (node:internal/errors:985:15)\n    at wrappedFn (node:internal/errors:539:14)\n    at ChildProcess.exithandler (node:child_process:417:12)\n    at ChildProcess.emit (node:events:508:28)\n    at maybeClose (node:internal/child_process:1100:16)\n    at Process.ChildProcess._handle.onexit (node:internal/child_process:305:5)"],"meta":{}},{"ancestorTitles":["agent bridge Windows desktop subprocess defaults"],"fullName":"agent bridge Windows desktop subprocess defaults adds CREATE_NO_WINDOW to sync and async nested subprocesses without replacing existing flags","status":"failed","title":"adds CREATE_NO_WINDOW to sync and async nested subprocesses without replacing existing flags","duration":277.3888999999999,"failureMessages":["Error: Command failed: python3 -c \nimport importlib.util\nimport json\nimport os\nimport sys\n\nspec = importlib.util.spec_from_file_location(\"hermes_bridge\", os.environ[\"BRIDGE_PATH\"])\nbridge = importlib.util.module_from_spec(spec)\nsys.modules[\"hermes_bridge\"] = bridge\nspec.loader.exec_module(bridge)\n\noriginal_os_name = bridge.os.name\noriginal_popen = bridge.subprocess.Popen\noriginal_async_exec = bridge.asyncio.create_subprocess_exec\noriginal_async_shell = bridge.asyncio.create_subprocess_shell\noriginal_create_no_window = getattr(bridge.subprocess, \"CREATE_NO_WINDOW\", None)\noriginal_startupinfo = getattr(bridge.subprocess, \"STARTUPINFO\", None)\noriginal_startf = getattr(bridge.subprocess, \"STARTF_USESHOWWINDOW\", None)\noriginal_sw_hide = getattr(bridge.subprocess, \"SW_HIDE\", None)\noriginal_installed = getattr(bridge.subprocess, \"_hermes_hidden_defaults_installed\", None)\n\nclass FakePopen:\n    calls = []\n\n    def __init__(self, *args, **kwargs):\n        FakePopen.calls.append({\"args\": args, \"kwargs\": kwargs})\n\nasync_calls = []\n\nasync def fake_create_subprocess_exec(*args, **kwargs):\n    async_calls.append({\"kind\": \"exec\", \"args\": args, \"kwargs\": kwargs})\n    return {\"kind\": \"exec\"}\n\nasync def fake_create_subprocess_shell(*args, **kwargs):\n    async_calls.append({\"kind\": \"shell\", \"args\": args, \"kwargs\": kwargs})\n    return {\"kind\": \"shell\"}\n\nclass FakeStartupInfo:\n    def __init__(self):\n        self.dwFlags = 0\n        self.wShowWindow = None\n\ntry:\n    bridge.os.name = \"nt\"\n    bridge.os.environ[\"HERMES_DESKTOP\"] = \"true\"\n    bridge.subprocess.Popen = FakePopen\n    bridge.asyncio.create_subprocess_exec = fake_create_subprocess_exec\n    bridge.asyncio.create_subprocess_shell = fake_create_subprocess_shell\n    bridge.subprocess.CREATE_NO_WINDOW = 0x08000000\n    bridge.subprocess.STARTUPINFO = FakeStartupInfo\n    bridge.subprocess.STARTF_USESHOWWINDOW = 0x00000001\n    bridge.subprocess.SW_HIDE = 0\n    if hasattr(bridge.subprocess, \"_hermes_hidden_defaults_installed\"):\n        delattr(bridge.subprocess, \"_hermes_hidden_defaults_installed\")\n\n    bridge._install_windows_hidden_subprocess_defaults()\n    bridge.subprocess.Popen([\"git\", \"status\"], creationflags=0x00000200)\n    flags = FakePopen.calls[0][\"kwargs\"][\"creationflags\"]\n    startupinfo = FakePopen.calls[0][\"kwargs\"][\"startupinfo\"]\n    bridge.asyncio.run(bridge.asyncio.create_subprocess_exec(\"git\", \"status\", creationflags=0x00000400))\n    bridge.asyncio.run(bridge.asyncio.create_subprocess_shell(\"git status\"))\n    async_exec_flags = async_calls[0][\"kwargs\"][\"creationflags\"]\n    async_exec_startupinfo = async_calls[0][\"kwargs\"][\"startupinfo\"]\n    async_shell_flags = async_calls[1][\"kwargs\"][\"creationflags\"]\n    async_shell_startupinfo = async_calls[1][\"kwargs\"][\"startupinfo\"]\nfinally:\n    bridge.os.name = original_os_name\n    bridge.subprocess.Popen = original_popen\n    bridge.asyncio.create_subprocess_exec = original_async_exec\n    bridge.asyncio.create_subprocess_shell = original_async_shell\n    if original_create_no_window is None:\n        try:\n            delattr(bridge.subprocess, \"CREATE_NO_WINDOW\")\n        except AttributeError:\n            pass\n    else:\n        bridge.subprocess.CREATE_NO_WINDOW = original_create_no_window\n    for name, original in [\n        (\"STARTUPINFO\", original_startupinfo),\n        (\"STARTF_USESHOWWINDOW\", original_startf),\n        (\"SW_HIDE\", original_sw_hide),\n    ]:\n        if original is None:\n            try:\n                delattr(bridge.subprocess, name)\n            except AttributeError:\n                pass\n        else:\n            setattr(bridge.subprocess, name, original)\n    if original_installed is None:\n        try:\n            delattr(bridge.subprocess, \"_hermes_hidden_defaults_installed\")\n        except AttributeError:\n            pass\n    else:\n        bridge.subprocess._hermes_hidden_defaults_installed = original_installed\n\nprint(json.dumps({\n    \"flags\": flags,\n    \"has_create_no_window\": bool(flags & 0x08000000),\n    \"kept_existing_flag\": bool(flags & 0x00000200),\n    \"startupinfo_hidden\": bool(startupinfo.dwFlags & 0x00000001) and startupinfo.wShowWindow == 0,\n    \"async_exec_flags\": async_exec_flags,\n    \"async_exec_has_create_no_window\": bool(async_exec_flags & 0x08000000),\n    \"async_exec_kept_existing_flag\": bool(async_exec_flags & 0x00000400),\n    \"async_exec_startupinfo_hidden\": bool(async_exec_startupinfo.dwFlags & 0x00000001) and async_exec_startupinfo.wShowWindow == 0,\n    \"async_shell_flags\": async_shell_flags,\n    \"async_shell_has_create_no_window\": bool(async_shell_flags & 0x08000000),\n    \"async_shell_startupinfo_hidden\": bool(async_shell_startupinfo.dwFlags & 0x00000001) and async_shell_startupinfo.wShowWindow == 0,\n}))\n\n\n    at genericNodeError (node:internal/errors:985:15)\n    at wrappedFn (node:internal/errors:539:14)\n    at ChildProcess.exithandler (node:child_process:417:12)\n    at ChildProcess.emit (node:events:508:28)\n    at maybeClose (node:internal/child_process:1100:16)\n    at Process.ChildProcess._handle.onexit (node:internal/child_process:305:5)"],"meta":{}},{"ancestorTitles":["agent bridge profile environment"],"fullName":"agent bridge profile environment runs agent calls with the requested profile HERMES_HOME and restores the bridge home","status":"failed","title":"runs agent calls with the requested profile HERMES_HOME and restores the bridge home","duration":287.47969999999987,"failureMessages":["Error: Command failed: python3 -c \nimport importlib.util\nimport json\nimport os\nimport sys\n\nspec = importlib.util.spec_from_file_location(\"hermes_bridge\", os.environ[\"BRIDGE_PATH\"])\nbridge = importlib.util.module_from_spec(spec)\nsys.modules[\"hermes_bridge\"] = bridge\nspec.loader.exec_module(bridge)\n\nroot = os.environ[\"TEST_HERMES_HOME\"]\nprofile_home = os.path.join(root, \"profiles\", \"work\")\nos.environ[\"HERMES_HOME\"] = root\nos.environ[\"HERMES_AGENT_BRIDGE_BASE_HOME\"] = root\nos.environ[\"OPENAI_API_KEY\"] = \"shell-openai\"\nos.environ[\"GLM_API_KEY\"] = \"shell-glm\"\n\nclass FakeAgent:\n    def __init__(self):\n        self.seen_home = None\n        self.seen_openai = None\n        self.seen_glm = None\n        self.seen_base_only = None\n\n    def run_conversation(self, message, **kwargs):\n        self.seen_home = os.environ.get(\"HERMES_HOME\")\n        self.seen_openai = os.environ.get(\"OPENAI_API_KEY\")\n        self.seen_glm = os.environ.get(\"GLM_API_KEY\")\n        self.seen_base_only = os.environ.get(\"BASE_ONLY_TOKEN\")\n        return {\"messages\": [{\"role\": \"assistant\", \"content\": \"ok\"}]}\n\nagent = FakeAgent()\nwith bridge._profile_env(\"work\"):\n    result = agent.run_conversation(\"hello\")\n\nprint(json.dumps({\n    \"seen_home\": agent.seen_home,\n    \"seen_openai\": agent.seen_openai,\n    \"seen_glm\": agent.seen_glm,\n    \"seen_base_only\": agent.seen_base_only,\n    \"restored_home\": os.environ.get(\"HERMES_HOME\"),\n    \"restored_openai\": os.environ.get(\"OPENAI_API_KEY\"),\n    \"restored_glm\": os.environ.get(\"GLM_API_KEY\"),\n    \"restored_base_only\": os.environ.get(\"BASE_ONLY_TOKEN\"),\n    \"status\": \"complete\" if result.get(\"messages\") else \"error\",\n}))\n\n\n    at genericNodeError (node:internal/errors:985:15)\n    at wrappedFn (node:internal/errors:539:14)\n    at ChildProcess.exithandler (node:child_process:417:12)\n    at ChildProcess.emit (node:events:508:28)\n    at maybeClose (node:internal/child_process:1100:16)\n    at Process.ChildProcess._handle.onexit (node:internal/child_process:305:5)"],"meta":{}},{"ancestorTitles":["agent bridge profile environment"],"fullName":"agent bridge profile environment normalizes a profile-scoped bridge home back to the Hermes root for profile lookup","status":"failed","title":"normalizes a profile-scoped bridge home back to the Hermes root for profile lookup","duration":314.18610000000035,"failureMessages":["Error: Command failed: python3 -c \nimport importlib.util\nimport json\nimport os\nimport sys\n\nspec = importlib.util.spec_from_file_location(\"hermes_bridge\", os.environ[\"BRIDGE_PATH\"])\nbridge = importlib.util.module_from_spec(spec)\nsys.modules[\"hermes_bridge\"] = bridge\nspec.loader.exec_module(bridge)\n\nroot = os.environ[\"TEST_HERMES_HOME\"]\nagent_root = os.path.join(root, \"hermes-agent\")\nprofile_home = os.path.join(root, \"profiles\", \"work\")\nbridge._set_path_env(agent_root, profile_home)\n\nprint(json.dumps({\n    \"home\": os.environ.get(\"HERMES_HOME\"),\n    \"base\": os.environ.get(\"HERMES_AGENT_BRIDGE_BASE_HOME\"),\n    \"profile_home\": str(bridge._profile_home(\"work\")),\n}))\n\n\n    at genericNodeError (node:internal/errors:985:15)\n    at wrappedFn (node:internal/errors:539:14)\n    at ChildProcess.exithandler (node:child_process:417:12)\n    at ChildProcess.emit (node:events:508:28)\n    at maybeClose (node:internal/child_process:1100:16)\n    at Process.ChildProcess._handle.onexit (node:internal/child_process:305:5)"],"meta":{}},{"ancestorTitles":["agent bridge profile environment"],"fullName":"agent bridge profile environment falls back to package imports when no Hermes Agent source root exists","status":"failed","title":"falls back to package imports when no Hermes Agent source root exists","duration":357.41589999999997,"failureMessages":["Error: Command failed: python3 -c \nimport importlib.util\nimport json\nimport os\nimport sys\n\nspec = importlib.util.spec_from_file_location(\"hermes_bridge\", os.environ[\"BRIDGE_PATH\"])\nbridge = importlib.util.module_from_spec(spec)\nsys.modules[\"hermes_bridge\"] = bridge\nspec.loader.exec_module(bridge)\n\npackage_dir = os.path.join(os.environ[\"TEST_HERMES_HOME\"], \"site-packages\")\nhermes_home = os.path.join(os.environ[\"TEST_HERMES_HOME\"], \"home\")\nsys.path.insert(0, package_dir)\nbridge._candidate_agent_roots = lambda raw=None: []\nos.environ.pop(\"HERMES_AGENT_ROOT\", None)\n\nbridge._set_path_env(None, hermes_home)\nbridge._ensure_agent_imports()\nfrom run_agent import AIAgent\n\nprint(json.dumps({\n    \"agent_root\": os.environ.get(\"HERMES_AGENT_ROOT\"),\n    \"home\": os.environ.get(\"HERMES_HOME\"),\n    \"base\": os.environ.get(\"HERMES_AGENT_BRIDGE_BASE_HOME\"),\n    \"agent_class\": AIAgent.__name__,\n}))\n\n\n    at genericNodeError (node:internal/errors:985:15)\n    at wrappedFn (node:internal/errors:539:14)\n    at ChildProcess.exithandler (node:child_process:417:12)\n    at ChildProcess.emit (node:events:508:28)\n    at maybeClose (node:internal/child_process:1100:16)\n    at Process.ChildProcess._handle.onexit (node:internal/child_process:305:5)"],"meta":{}},{"ancestorTitles":["agent bridge profile environment"],"fullName":"agent bridge profile environment treats an empty worker agent-root as package mode instead of falling back to the default source root","status":"failed","title":"treats an empty worker agent-root as package mode instead of falling back to the default source root","duration":281.4013,"failureMessages":["Error: Command failed: python3 -c \nimport importlib.util\nimport json\nimport os\nimport sys\n\nspec = importlib.util.spec_from_file_location(\"hermes_bridge\", os.environ[\"BRIDGE_PATH\"])\nbridge = importlib.util.module_from_spec(spec)\nsys.modules[\"hermes_bridge\"] = bridge\nspec.loader.exec_module(bridge)\n\npackage_dir = os.path.join(os.environ[\"TEST_HERMES_HOME\"], \"site-packages\")\nhermes_home = os.path.join(os.environ[\"TEST_HERMES_HOME\"], \"home\")\nsys.path.insert(0, package_dir)\nbridge._candidate_agent_roots = lambda raw=None: []\nevents = []\nclass FakeBridgeServer:\n    def __init__(self, endpoint):\n        events.append({\"event\": \"server\", \"endpoint\": endpoint})\n    def serve_forever(self):\n        events.append({\"event\": \"serve\"})\nbridge.BridgeServer = FakeBridgeServer\n\nbridge.main([\n    \"--endpoint\", \"tcp://127.0.0.1:0\",\n    \"--agent-root\", \"\",\n    \"--hermes-home\", hermes_home,\n    \"--worker-profile\", \"default\",\n])\nfrom run_agent import AIAgent\n\nprint(json.dumps({\n    \"agent_root\": os.environ.get(\"HERMES_AGENT_ROOT\"),\n    \"home\": os.environ.get(\"HERMES_HOME\"),\n    \"base\": os.environ.get(\"HERMES_AGENT_BRIDGE_BASE_HOME\"),\n    \"agent_class\": AIAgent.__name__,\n    \"events\": events,\n}))\n\n\n    at genericNodeError (node:internal/errors:985:15)\n    at wrappedFn (node:internal/errors:539:14)\n    at ChildProcess.exithandler (node:child_process:417:12)\n    at ChildProcess.emit (node:events:508:28)\n    at maybeClose (node:internal/child_process:1100:16)\n    at Process.ChildProcess._handle.onexit (node:internal/child_process:305:5)"],"meta":{}},{"ancestorTitles":["agent bridge profile environment"],"fullName":"agent bridge profile environment skips unreadable candidate agent roots while probing for run_agent.py","status":"failed","title":"skips unreadable candidate agent roots while probing for run_agent.py","duration":326.4883,"failureMessages":["Error: Command failed: python3 -c \nimport importlib.util\nimport json\nimport os\nimport pathlib\nimport sys\n\nspec = importlib.util.spec_from_file_location(\"hermes_bridge\", os.environ[\"BRIDGE_PATH\"])\nbridge = importlib.util.module_from_spec(spec)\nsys.modules[\"hermes_bridge\"] = bridge\nspec.loader.exec_module(bridge)\n\nvalid_root = pathlib.Path(os.path.join(os.environ[\"TEST_HERMES_HOME\"], \"hermes-agent\")).resolve()\nblocked_root = pathlib.Path(os.path.join(os.environ[\"TEST_HERMES_HOME\"], \"blocked\")).resolve()\nBasePath = type(pathlib.Path())\n\nclass BlockedPath(BasePath):\n    _flavour = BasePath._flavour\n\n    def __truediv__(self, key):\n        return BlockedPath(str(super().__truediv__(key)))\n\n    def exists(self):\n        raise PermissionError(\"blocked\")\n\nbridge._candidate_agent_roots = lambda raw=None: [BlockedPath(str(blocked_root)), valid_root]\nfound = bridge._find_agent_root()\n\nprint(json.dumps({\n    \"found\": str(found) if found is not None else None,\n}))\n\n\n    at genericNodeError (node:internal/errors:985:15)\n    at wrappedFn (node:internal/errors:539:14)\n    at ChildProcess.exithandler (node:child_process:417:12)\n    at ChildProcess.emit (node:events:508:28)\n    at maybeClose (node:internal/child_process:1100:16)\n    at Process.ChildProcess._handle.onexit (node:internal/child_process:305:5)"],"meta":{}},{"ancestorTitles":["agent bridge profile environment"],"fullName":"agent bridge profile environment keeps inherited profile env keys for default profile compatibility","status":"failed","title":"keeps inherited profile env keys for default profile compatibility","duration":327.6062999999999,"failureMessages":["Error: Command failed: python3 -c \nimport importlib.util\nimport json\nimport os\nimport sys\n\nspec = importlib.util.spec_from_file_location(\"hermes_bridge\", os.environ[\"BRIDGE_PATH\"])\nbridge = importlib.util.module_from_spec(spec)\nsys.modules[\"hermes_bridge\"] = bridge\nspec.loader.exec_module(bridge)\n\nroot = os.environ[\"TEST_HERMES_HOME\"]\nos.environ[\"HERMES_HOME\"] = root\nos.environ[\"HERMES_AGENT_BRIDGE_BASE_HOME\"] = root\nos.environ[\"OPENAI_API_KEY\"] = \"shell-openai\"\nos.environ[\"GLM_API_KEY\"] = \"shell-glm\"\n\nwith bridge._profile_env(\"default\"):\n    inside = {\n        \"openai\": os.environ.get(\"OPENAI_API_KEY\"),\n        \"glm\": os.environ.get(\"GLM_API_KEY\"),\n    }\n\nprint(json.dumps({\n    \"inside\": inside,\n    \"restored_openai\": os.environ.get(\"OPENAI_API_KEY\"),\n    \"restored_glm\": os.environ.get(\"GLM_API_KEY\"),\n}))\n\n\n    at genericNodeError (node:internal/errors:985:15)\n    at wrappedFn (node:internal/errors:539:14)\n    at ChildProcess.exithandler (node:child_process:417:12)\n    at ChildProcess.emit (node:events:508:28)\n    at maybeClose (node:internal/child_process:1100:16)\n    at Process.ChildProcess._handle.onexit (node:internal/child_process:305:5)"],"meta":{}},{"ancestorTitles":["agent bridge profile environment"],"fullName":"agent bridge profile environment discovers MCP tools in the active profile before creating an agent","status":"failed","title":"discovers MCP tools in the active profile before creating an agent","duration":387.76129999999966,"failureMessages":["Error: Command failed: python3 -c \nimport importlib.util\nimport json\nimport os\nimport sys\nimport types\n\nspec = importlib.util.spec_from_file_location(\"hermes_bridge\", os.environ[\"BRIDGE_PATH\"])\nbridge = importlib.util.module_from_spec(spec)\nsys.modules[\"hermes_bridge\"] = bridge\nspec.loader.exec_module(bridge)\n\nroot = os.environ[\"TEST_HERMES_HOME\"]\nos.environ[\"HERMES_HOME\"] = root\nos.environ[\"HERMES_AGENT_BRIDGE_BASE_HOME\"] = root\n\nevents = []\n\ntools_pkg = types.ModuleType(\"tools\")\ntools_pkg.__path__ = []\nsys.modules[\"tools\"] = tools_pkg\n\nmcp_tool = types.ModuleType(\"tools.mcp_tool\")\ndef discover_mcp_tools():\n    events.append({\"event\": \"discover\", \"home\": os.environ.get(\"HERMES_HOME\")})\n    return [\"mcp_anysearch_search\"]\nmcp_tool.discover_mcp_tools = discover_mcp_tools\nsys.modules[\"tools.mcp_tool\"] = mcp_tool\n\nrun_agent = types.ModuleType(\"run_agent\")\nclass FakeAgent:\n    def __init__(self, **kwargs):\n        events.append({\n            \"event\": \"agent\",\n            \"home\": os.environ.get(\"HERMES_HOME\"),\n            \"enabled_toolsets\": kwargs.get(\"enabled_toolsets\"),\n        })\n        self.tools = []\nrun_agent.AIAgent = FakeAgent\nsys.modules[\"run_agent\"] = run_agent\n\nclass FakeDbHolder:\n    error = None\n    def get_for_profile(self, profile):\n        return None\n\nbridge._ensure_agent_imports = lambda: None\nbridge._load_cfg = lambda: {\"model\": {\"default\": \"work-model\"}, \"agent\": {}}\nbridge._resolve_runtime = lambda model, provider=None: {\"provider\": \"fake\"}\nbridge._load_enabled_toolsets = lambda: [\"mcp-anysearch\"]\nbridge._load_reasoning_config = lambda: None\nbridge._load_service_tier = lambda: None\n\npool = bridge.AgentPool()\npool._db = FakeDbHolder()\nsession = pool.get_or_create(\"session-1\", profile=\"work\")\n\nprint(json.dumps({\n    \"events\": events,\n    \"mcp_tool_count\": session.config.get(\"mcp_tool_count\"),\n    \"restored_home\": os.environ.get(\"HERMES_HOME\"),\n}))\n\n\n    at genericNodeError (node:internal/errors:985:15)\n    at wrappedFn (node:internal/errors:539:14)\n    at ChildProcess.exithandler (node:child_process:417:12)\n    at ChildProcess.emit (node:events:508:28)\n    at maybeClose (node:internal/child_process:1100:16)\n    at Process.ChildProcess._handle.onexit (node:internal/child_process:305:5)"],"meta":{}},{"ancestorTitles":["agent bridge profile environment"],"fullName":"agent bridge profile environment forwards agent turn-boundary callbacks without duplicating streamed text","status":"failed","title":"forwards agent turn-boundary callbacks without duplicating streamed text","duration":330.27059999999983,"failureMessages":["Error: Command failed: python3 -c \nimport importlib.util\nimport json\nimport os\nimport sys\nimport time\nimport types\n\nspec = importlib.util.spec_from_file_location(\"hermes_bridge\", os.environ[\"BRIDGE_PATH\"])\nbridge = importlib.util.module_from_spec(spec)\nsys.modules[\"hermes_bridge\"] = bridge\nspec.loader.exec_module(bridge)\n\nroot = os.environ[\"TEST_HERMES_HOME\"]\nos.environ[\"HERMES_HOME\"] = root\nos.environ[\"HERMES_AGENT_BRIDGE_BASE_HOME\"] = root\n\nrun_agent = types.ModuleType(\"run_agent\")\nclass FakeAgent:\n    def __init__(self, **kwargs):\n        self.tools = []\n        self.stream_delta_callback = kwargs.get(\"stream_delta_callback\")\n\n    def run_conversation(self, message, **kwargs):\n        stream_callback = kwargs.get(\"stream_callback\")\n        if stream_callback:\n            stream_callback(\"hello\")\n        if self.stream_delta_callback:\n            self.stream_delta_callback(\"ignored-duplicate-text\")\n            self.stream_delta_callback(None)\n        return {\n            \"final_response\": \"hello\",\n            \"messages\": [\n                {\"role\": \"user\", \"content\": message},\n                {\"role\": \"assistant\", \"content\": \"hello\"},\n            ],\n        }\nrun_agent.AIAgent = FakeAgent\nsys.modules[\"run_agent\"] = run_agent\n\nclass FakeDbHolder:\n    error = None\n    def get_for_profile(self, profile):\n        return None\n\nbridge._ensure_agent_imports = lambda: None\nbridge._load_cfg = lambda: {\"model\": {\"default\": \"fake-model\"}, \"agent\": {}}\nbridge._resolve_runtime = lambda model, provider=None: {\"provider\": \"fake\"}\nbridge._load_enabled_toolsets = lambda: []\nbridge._discover_bridge_mcp_tools = lambda: []\nbridge._load_reasoning_config = lambda: None\nbridge._load_service_tier = lambda: None\n\npool = bridge.AgentPool()\npool._db = FakeDbHolder()\nrecord = pool.start_chat(\"session-1\", \"hi\", profile=\"default\")\ndeadline = time.time() + 2\nwhile record.status == \"running\" and time.time() < deadline:\n    time.sleep(0.01)\n\noutput = pool.get_output(record.run_id)\nprint(json.dumps({\n    \"status\": output[\"status\"],\n    \"delta\": output[\"delta\"],\n    \"events\": output[\"events\"],\n}))\n\n\n    at genericNodeError (node:internal/errors:985:15)\n    at wrappedFn (node:internal/errors:539:14)\n    at ChildProcess.exithandler (node:child_process:417:12)\n    at ChildProcess.emit (node:events:508:28)\n    at maybeClose (node:internal/child_process:1100:16)\n    at Process.ChildProcess._handle.onexit (node:internal/child_process:305:5)"],"meta":{}},{"ancestorTitles":["agent bridge profile environment"],"fullName":"agent bridge profile environment reloads command allowlist for bridge agent creation and runs","status":"failed","title":"reloads command allowlist for bridge agent creation and runs","duration":290.116,"failureMessages":["Error: Command failed: python3 -c \nimport importlib.util\nimport json\nimport os\nimport sys\nimport time\nimport types\n\nspec = importlib.util.spec_from_file_location(\"hermes_bridge\", os.environ[\"BRIDGE_PATH\"])\nbridge = importlib.util.module_from_spec(spec)\nsys.modules[\"hermes_bridge\"] = bridge\nspec.loader.exec_module(bridge)\n\nroot = os.environ[\"TEST_HERMES_HOME\"]\nos.environ[\"HERMES_HOME\"] = root\nos.environ[\"HERMES_AGENT_BRIDGE_BASE_HOME\"] = root\n\nallowlist_homes = []\ntools_pkg = types.ModuleType(\"tools\")\ntools_pkg.__path__ = []\nsys.modules[\"tools\"] = tools_pkg\n\napproval = types.ModuleType(\"tools.approval\")\ndef load_permanent_allowlist():\n    allowlist_homes.append(os.environ.get(\"HERMES_HOME\", \"\"))\n    return {\"script execution via -e/-c flag\"}\ndef set_current_session_key(session_key):\n    return None\ndef register_gateway_notify(session_key, callback):\n    pass\ndef reset_current_session_key(token):\n    pass\ndef unregister_gateway_notify(session_key):\n    pass\napproval.load_permanent_allowlist = load_permanent_allowlist\napproval.set_current_session_key = set_current_session_key\napproval.register_gateway_notify = register_gateway_notify\napproval.reset_current_session_key = reset_current_session_key\napproval.unregister_gateway_notify = unregister_gateway_notify\nsys.modules[\"tools.approval\"] = approval\n\nterminal_tool = types.ModuleType(\"tools.terminal_tool\")\nterminal_tool.set_approval_callback = lambda callback: None\nsys.modules[\"tools.terminal_tool\"] = terminal_tool\n\nrun_agent = types.ModuleType(\"run_agent\")\nclass FakeAgent:\n    def __init__(self, **kwargs):\n        self.tools = []\n\n    def run_conversation(self, message, **kwargs):\n        stream_callback = kwargs.get(\"stream_callback\")\n        if stream_callback:\n            stream_callback(\"ok\")\n        return {\n            \"final_response\": \"ok\",\n            \"messages\": [\n                {\"role\": \"user\", \"content\": message},\n                {\"role\": \"assistant\", \"content\": \"ok\"},\n            ],\n        }\nrun_agent.AIAgent = FakeAgent\nsys.modules[\"run_agent\"] = run_agent\n\nclass FakeDbHolder:\n    error = None\n    def get_for_profile(self, profile):\n        return None\n\nbridge._ensure_agent_imports = lambda: None\nbridge._load_cfg = lambda: {\"model\": {\"default\": \"fake-model\"}, \"agent\": {}}\nbridge._resolve_runtime = lambda model, provider=None: {\"provider\": \"fake\"}\nbridge._load_enabled_toolsets = lambda: []\nbridge._discover_bridge_mcp_tools = lambda: []\nbridge._load_reasoning_config = lambda: None\nbridge._load_service_tier = lambda: None\n\npool = bridge.AgentPool()\npool._db = FakeDbHolder()\nrecord = pool.start_chat(\"session-allowlist\", \"hi\", profile=\"default\")\ndeadline = time.time() + 2\nwhile record.status == \"running\" and time.time() < deadline:\n    time.sleep(0.01)\n\nprint(json.dumps({\n    \"status\": record.status,\n    \"allowlist_homes\": allowlist_homes,\n}))\n\n\n    at genericNodeError (node:internal/errors:985:15)\n    at wrappedFn (node:internal/errors:539:14)\n    at ChildProcess.exithandler (node:child_process:417:12)\n    at ChildProcess.emit (node:events:508:28)\n    at maybeClose (node:internal/child_process:1100:16)\n    at Process.ChildProcess._handle.onexit (node:internal/child_process:305:5)"],"meta":{}},{"ancestorTitles":["agent bridge profile environment"],"fullName":"agent bridge profile environment handles Windows netstat output decode failures without crashing","status":"failed","title":"handles Windows netstat output decode failures without crashing","duration":347.41349999999966,"failureMessages":["Error: Command failed: python3 -c \nimport importlib.util\nimport json\nimport os\nimport sys\n\nspec = importlib.util.spec_from_file_location(\"hermes_bridge\", os.environ[\"BRIDGE_PATH\"])\nbridge = importlib.util.module_from_spec(spec)\nsys.modules[\"hermes_bridge\"] = bridge\nspec.loader.exec_module(bridge)\n\nclass EmptyStdoutResult:\n    stdout = None\n\ndef fake_run_empty(*args, **kwargs):\n    return EmptyStdoutResult()\n\nclass NetstatResult:\n    stdout = \"  TCP    127.0.0.1:18765    0.0.0.0:0    LISTENING    4321\\r\\n\"\n\ndef fake_run_listener(*args, **kwargs):\n    return NetstatResult()\n\noriginal_name = bridge.os.name\noriginal_pid = bridge.os.getpid\noriginal_run = bridge.subprocess.run\ntry:\n    bridge.os.name = \"nt\"\n    bridge.os.getpid = lambda: 1234\n    bridge.subprocess.run = fake_run_empty\n    empty = bridge._windows_listening_pids_on_port(18765)\n    bridge.subprocess.run = fake_run_listener\n    listener = bridge._windows_listening_pids_on_port(18765)\nfinally:\n    bridge.os.name = original_name\n    bridge.os.getpid = original_pid\n    bridge.subprocess.run = original_run\n\nprint(json.dumps({\n    \"empty\": empty,\n    \"listener\": listener,\n}))\n\n\n    at genericNodeError (node:internal/errors:985:15)\n    at wrappedFn (node:internal/errors:539:14)\n    at ChildProcess.exithandler (node:child_process:417:12)\n    at ChildProcess.emit (node:events:508:28)\n    at maybeClose (node:internal/child_process:1100:16)\n    at Process.ChildProcess._handle.onexit (node:internal/child_process:305:5)"],"meta":{}}],"startTime":1785317138255,"endTime":1785317142077.4136,"status":"failed","message":"","name":"G:/AIproject/longxia_keli/hermes-web-ui/tests/server/agent-bridge-profile-env.test.ts"},{"assertionResults":[{"ancestorTitles":["agent bridge Python session concurrency"],"fullName":"agent bridge Python session concurrency hot-switches a loaded idle session model without recreating the session","status":"failed","title":"hot-switches a loaded idle session model without recreating the session","duration":322.88930000000005,"failureMessages":["Error: Command failed: python3 -c \n\nimport contextvars\nimport importlib.util\nimport json\nimport os\nimport sys\nimport threading\nimport time\nimport types\nfrom pathlib import Path\n\nos.environ[\"HERMES_AGENT_BRIDGE_WORKER_PROFILE\"] = \"default\"\n\ntools_pkg = types.ModuleType(\"tools\")\ntools_pkg.__path__ = []\nsys.modules[\"tools\"] = tools_pkg\n\nterminal_tool = types.ModuleType(\"tools.terminal_tool\")\nterminal_tool._callback_tls = threading.local()\n\ndef set_approval_callback(callback):\n    terminal_tool._callback_tls.callback = callback\n\ndef _get_approval_callback():\n    return getattr(terminal_tool._callback_tls, \"callback\", None)\n\nterminal_tool.set_approval_callback = set_approval_callback\nterminal_tool._get_approval_callback = _get_approval_callback\nterminal_tool._task_env_overrides = {}\n\ndef register_task_env_overrides(task_id, overrides):\n    terminal_tool._task_env_overrides[task_id] = dict(overrides or {})\n\nterminal_tool.register_task_env_overrides = register_task_env_overrides\nsys.modules[\"tools.terminal_tool\"] = terminal_tool\n\nagent_pkg = types.ModuleType(\"agent\")\nagent_pkg.__path__ = []\nsys.modules[\"agent\"] = agent_pkg\n\nruntime_cwd = types.ModuleType(\"agent.runtime_cwd\")\nruntime_cwd._cwd = contextvars.ContextVar(\"runtime_cwd\", default=\"\")\nruntime_cwd._cleared = []\n\ndef set_session_cwd(cwd):\n    runtime_cwd._cwd.set(cwd or \"\")\n\ndef clear_session_cwd():\n    runtime_cwd._cleared.append(runtime_cwd._cwd.get())\n    runtime_cwd._cwd.set(\"\")\n\ndef resolve_agent_cwd():\n    return runtime_cwd._cwd.get()\n\nruntime_cwd.set_session_cwd = set_session_cwd\nruntime_cwd.clear_session_cwd = clear_session_cwd\nruntime_cwd.resolve_agent_cwd = resolve_agent_cwd\nsys.modules[\"agent.runtime_cwd\"] = runtime_cwd\n\napproval = types.ModuleType(\"tools.approval\")\napproval._session_key = contextvars.ContextVar(\"approval_session_key\", default=\"\")\napproval._notify = {}\napproval._resolved_gateway = []\napproval._session_approved = {}\napproval._permanent_approved = set()\napproval._saved_permanent = set()\napproval._check_execute_code_calls = []\n\ndef set_current_session_key(session_key):\n    return approval._session_key.set(session_key or \"\")\n\ndef reset_current_session_key(token):\n    approval._session_key.reset(token)\n\ndef get_current_session_key(default=\"\"):\n    return approval._session_key.get() or default\n\ndef register_gateway_notify(session_key, callback):\n    approval._notify[session_key] = callback\n\ndef unregister_gateway_notify(session_key):\n    approval._notify.pop(session_key, None)\n\ndef resolve_gateway_approval(session_key, choice):\n    approval._resolved_gateway.append((session_key, choice))\n    return 1\n\ndef is_approved(session_key, pattern_key):\n    return (\n        pattern_key in approval._permanent_approved or\n        pattern_key in approval._session_approved.get(session_key, set())\n    )\n\ndef approve_session(session_key, pattern_key):\n    approval._session_approved.setdefault(session_key, set()).add(pattern_key)\n\ndef approve_permanent(pattern_key):\n    approval._permanent_approved.add(pattern_key)\n\ndef save_permanent_allowlist(patterns):\n    approval._saved_permanent = set(patterns)\n\ndef load_permanent_allowlist():\n    return set(approval._permanent_approved)\n\ndef check_execute_code_guard(code, env_type, has_host_access=False):\n    approval._check_execute_code_calls.append((code, env_type, has_host_access))\n    return {\"approved\": False, \"message\": \"upstream prompt\"}\n\napproval.set_current_session_key = set_current_session_key\napproval.reset_current_session_key = reset_current_session_key\napproval.get_current_session_key = get_current_session_key\napproval.register_gateway_notify = register_gateway_notify\napproval.unregister_gateway_notify = unregister_gateway_notify\napproval.resolve_gateway_approval = resolve_gateway_approval\napproval.is_approved = is_approved\napproval.approve_session = approve_session\napproval.approve_permanent = approve_permanent\napproval.save_permanent_allowlist = save_permanent_allowlist\napproval.load_permanent_allowlist = load_permanent_allowlist\napproval.check_execute_code_guard = check_execute_code_guard\nsys.modules[\"tools.approval\"] = approval\n\npath = Path(\"packages/server/src/services/hermes/agent-bridge/python/hermes_bridge.py\")\nspec = importlib.util.spec_from_file_location(\"hermes_bridge\", path)\nbridge = importlib.util.module_from_spec(spec)\nsys.modules[spec.name] = bridge\nspec.loader.exec_module(bridge)\n\nclass FakeDb:\n    def __init__(self):\n        self.lock = threading.Lock()\n        self.messages = {}\n        self.sessions = set()\n\n    def create_session(self, session_id, **kwargs):\n        with self.lock:\n            self.sessions.add(session_id)\n            self.messages.setdefault(session_id, [])\n\n    def get_messages(self, session_id):\n        with self.lock:\n            return list(self.messages.get(session_id, []))\n\n    def append_message(self, session_id, role, content=None, **kwargs):\n        with self.lock:\n            self.messages.setdefault(session_id, []).append({\n                \"role\": role,\n                \"content\": content,\n                **kwargs,\n            })\n\nclass FakeDbHolder:\n    error = None\n\n    def __init__(self, db):\n        self.db = db\n\n    def get_for_profile(self, profile):\n        return self.db\n\ndef make_pool():\n    pool = bridge.AgentPool()\n    fake_db = FakeDb()\n    pool._db = FakeDbHolder(fake_db)\n    return pool, fake_db\n\ndef start_manual_run(pool, session_id, agent, message=None, workspace=None):\n    session = bridge.AgentSession(session_id=session_id, agent=agent)\n    run_id = f\"run-{session_id}\"\n    record = bridge.RunRecord(run_id=run_id, session_id=session_id)\n    session.running = True\n    session.current_run_id = run_id\n    with pool._lock:\n        pool._sessions[session_id] = session\n        pool._runs[run_id] = record\n    thread = threading.Thread(\n        target=pool._run_chat,\n        args=(session, record, message or f\"message:{session_id}\", None, None, [], \"default\", False, workspace, \"api_server\"),\n        daemon=True,\n    )\n    thread.start()\n    return session, record, thread\n\ndef wait_for(condition, timeout=20):\n    deadline = time.time() + timeout\n    while time.time() < deadline:\n        if condition():\n            return True\n        time.sleep(0.01)\n    return False\n\n\ndef fake_resolve_runtime(model, provider=None):\n    return {\n        \"provider\": provider or \"openai\",\n        \"base_url\": f\"https://{provider or 'openai'}.example/v1\",\n        \"api_key\": f\"key:{model}\",\n        \"api_mode\": \"chat_completions\",\n    }\n\nbridge._resolve_runtime = fake_resolve_runtime\npool, _fake_db = make_pool()\n\nclass SwitchableAgent:\n    def __init__(self):\n        self.model = \"old-model\"\n        self.provider = \"openai\"\n        self.base_url = \"https://old.example/v1\"\n        self.api_key = \"old-key\"\n        self.api_mode = \"chat_completions\"\n        self.switch_calls = []\n\n    def switch_model(self, **kwargs):\n        self.switch_calls.append(kwargs)\n        self.model = kwargs[\"new_model\"]\n        self.provider = kwargs[\"new_provider\"]\n        self.base_url = kwargs[\"base_url\"]\n        self.api_key = kwargs[\"api_key\"]\n        self.api_mode = kwargs[\"api_mode\"]\n\nagent = SwitchableAgent()\nsession = bridge.AgentSession(\n    session_id=\"session-model\",\n    agent=agent,\n    config={\"profile\": \"default\", \"model\": \"old-model\", \"provider\": \"openai\"},\n)\npool._sessions[\"session-model\"] = session\n\nresult = pool.switch_session_model(\"session-model\", \"new-model\", \"anthropic\", \"default\")\n\nassert result[\"switched\"] is True\nassert pool._sessions[\"session-model\"] is session\nassert agent.switch_calls == [{\n    \"new_model\": \"new-model\",\n    \"new_provider\": \"anthropic\",\n    \"api_key\": \"key:new-model\",\n    \"base_url\": \"https://anthropic.example/v1\",\n    \"api_mode\": \"chat_completions\",\n}]\nassert session.config[\"model\"] == \"new-model\"\nassert session.config[\"provider\"] == \"anthropic\"\nassert \"pending_model_switch_note\" in session.config\n\n    at runPython (G:\\AIproject\\longxia_keli\\hermes-web-ui\\tests\\server\\agent-bridge-python-concurrency.test.ts:13:11)\n    at G:\\AIproject\\longxia_keli\\hermes-web-ui\\tests\\server\\agent-bridge-python-concurrency.test.ts:216:5\n    at file:///G:/AIproject/longxia_keli/hermes-web-ui/node_modules/@vitest/runner/dist/chunk-hooks.js:155:11\n    at file:///G:/AIproject/longxia_keli/hermes-web-ui/node_modules/@vitest/runner/dist/chunk-hooks.js:752:26\n    at file:///G:/AIproject/longxia_keli/hermes-web-ui/node_modules/@vitest/runner/dist/chunk-hooks.js:1897:20\n    at new Promise (<anonymous>)\n    at runWithTimeout (file:///G:/AIproject/longxia_keli/hermes-web-ui/node_modules/@vitest/runner/dist/chunk-hooks.js:1863:10)\n    at runTest (file:///G:/AIproject/longxia_keli/hermes-web-ui/node_modules/@vitest/runner/dist/chunk-hooks.js:1574:12)\n    at processTicksAndRejections (node:internal/process/task_queues:104:5)\n    at runSuite (file:///G:/AIproject/longxia_keli/hermes-web-ui/node_modules/@vitest/runner/dist/chunk-hooks.js:1729:8)"],"meta":{}},{"ancestorTitles":["agent bridge Python session concurrency"],"fullName":"agent bridge Python session concurrency does not rebuild an idle agent when only the requested custom-provider alias differs","status":"failed","title":"does not rebuild an idle agent when only the requested custom-provider alias differs","duration":292.8488,"failureMessages":["Error: Command failed: python3 -c \n\nimport contextvars\nimport importlib.util\nimport json\nimport os\nimport sys\nimport threading\nimport time\nimport types\nfrom pathlib import Path\n\nos.environ[\"HERMES_AGENT_BRIDGE_WORKER_PROFILE\"] = \"default\"\n\ntools_pkg = types.ModuleType(\"tools\")\ntools_pkg.__path__ = []\nsys.modules[\"tools\"] = tools_pkg\n\nterminal_tool = types.ModuleType(\"tools.terminal_tool\")\nterminal_tool._callback_tls = threading.local()\n\ndef set_approval_callback(callback):\n    terminal_tool._callback_tls.callback = callback\n\ndef _get_approval_callback():\n    return getattr(terminal_tool._callback_tls, \"callback\", None)\n\nterminal_tool.set_approval_callback = set_approval_callback\nterminal_tool._get_approval_callback = _get_approval_callback\nterminal_tool._task_env_overrides = {}\n\ndef register_task_env_overrides(task_id, overrides):\n    terminal_tool._task_env_overrides[task_id] = dict(overrides or {})\n\nterminal_tool.register_task_env_overrides = register_task_env_overrides\nsys.modules[\"tools.terminal_tool\"] = terminal_tool\n\nagent_pkg = types.ModuleType(\"agent\")\nagent_pkg.__path__ = []\nsys.modules[\"agent\"] = agent_pkg\n\nruntime_cwd = types.ModuleType(\"agent.runtime_cwd\")\nruntime_cwd._cwd = contextvars.ContextVar(\"runtime_cwd\", default=\"\")\nruntime_cwd._cleared = []\n\ndef set_session_cwd(cwd):\n    runtime_cwd._cwd.set(cwd or \"\")\n\ndef clear_session_cwd():\n    runtime_cwd._cleared.append(runtime_cwd._cwd.get())\n    runtime_cwd._cwd.set(\"\")\n\ndef resolve_agent_cwd():\n    return runtime_cwd._cwd.get()\n\nruntime_cwd.set_session_cwd = set_session_cwd\nruntime_cwd.clear_session_cwd = clear_session_cwd\nruntime_cwd.resolve_agent_cwd = resolve_agent_cwd\nsys.modules[\"agent.runtime_cwd\"] = runtime_cwd\n\napproval = types.ModuleType(\"tools.approval\")\napproval._session_key = contextvars.ContextVar(\"approval_session_key\", default=\"\")\napproval._notify = {}\napproval._resolved_gateway = []\napproval._session_approved = {}\napproval._permanent_approved = set()\napproval._saved_permanent = set()\napproval._check_execute_code_calls = []\n\ndef set_current_session_key(session_key):\n    return approval._session_key.set(session_key or \"\")\n\ndef reset_current_session_key(token):\n    approval._session_key.reset(token)\n\ndef get_current_session_key(default=\"\"):\n    return approval._session_key.get() or default\n\ndef register_gateway_notify(session_key, callback):\n    approval._notify[session_key] = callback\n\ndef unregister_gateway_notify(session_key):\n    approval._notify.pop(session_key, None)\n\ndef resolve_gateway_approval(session_key, choice):\n    approval._resolved_gateway.append((session_key, choice))\n    return 1\n\ndef is_approved(session_key, pattern_key):\n    return (\n        pattern_key in approval._permanent_approved or\n        pattern_key in approval._session_approved.get(session_key, set())\n    )\n\ndef approve_session(session_key, pattern_key):\n    approval._session_approved.setdefault(session_key, set()).add(pattern_key)\n\ndef approve_permanent(pattern_key):\n    approval._permanent_approved.add(pattern_key)\n\ndef save_permanent_allowlist(patterns):\n    approval._saved_permanent = set(patterns)\n\ndef load_permanent_allowlist():\n    return set(approval._permanent_approved)\n\ndef check_execute_code_guard(code, env_type, has_host_access=False):\n    approval._check_execute_code_calls.append((code, env_type, has_host_access))\n    return {\"approved\": False, \"message\": \"upstream prompt\"}\n\napproval.set_current_session_key = set_current_session_key\napproval.reset_current_session_key = reset_current_session_key\napproval.get_current_session_key = get_current_session_key\napproval.register_gateway_notify = register_gateway_notify\napproval.unregister_gateway_notify = unregister_gateway_notify\napproval.resolve_gateway_approval = resolve_gateway_approval\napproval.is_approved = is_approved\napproval.approve_session = approve_session\napproval.approve_permanent = approve_permanent\napproval.save_permanent_allowlist = save_permanent_allowlist\napproval.load_permanent_allowlist = load_permanent_allowlist\napproval.check_execute_code_guard = check_execute_code_guard\nsys.modules[\"tools.approval\"] = approval\n\npath = Path(\"packages/server/src/services/hermes/agent-bridge/python/hermes_bridge.py\")\nspec = importlib.util.spec_from_file_location(\"hermes_bridge\", path)\nbridge = importlib.util.module_from_spec(spec)\nsys.modules[spec.name] = bridge\nspec.loader.exec_module(bridge)\n\nclass FakeDb:\n    def __init__(self):\n        self.lock = threading.Lock()\n        self.messages = {}\n        self.sessions = set()\n\n    def create_session(self, session_id, **kwargs):\n        with self.lock:\n            self.sessions.add(session_id)\n            self.messages.setdefault(session_id, [])\n\n    def get_messages(self, session_id):\n        with self.lock:\n            return list(self.messages.get(session_id, []))\n\n    def append_message(self, session_id, role, content=None, **kwargs):\n        with self.lock:\n            self.messages.setdefault(session_id, []).append({\n                \"role\": role,\n                \"content\": content,\n                **kwargs,\n            })\n\nclass FakeDbHolder:\n    error = None\n\n    def __init__(self, db):\n        self.db = db\n\n    def get_for_profile(self, profile):\n        return self.db\n\ndef make_pool():\n    pool = bridge.AgentPool()\n    fake_db = FakeDb()\n    pool._db = FakeDbHolder(fake_db)\n    return pool, fake_db\n\ndef start_manual_run(pool, session_id, agent, message=None, workspace=None):\n    session = bridge.AgentSession(session_id=session_id, agent=agent)\n    run_id = f\"run-{session_id}\"\n    record = bridge.RunRecord(run_id=run_id, session_id=session_id)\n    session.running = True\n    session.current_run_id = run_id\n    with pool._lock:\n        pool._sessions[session_id] = session\n        pool._runs[run_id] = record\n    thread = threading.Thread(\n        target=pool._run_chat,\n        args=(session, record, message or f\"message:{session_id}\", None, None, [], \"default\", False, workspace, \"api_server\"),\n        daemon=True,\n    )\n    thread.start()\n    return session, record, thread\n\ndef wait_for(condition, timeout=20):\n    deadline = time.time() + timeout\n    while time.time() < deadline:\n        if condition():\n            return True\n        time.sleep(0.01)\n    return False\n\n\ndef fake_resolve_runtime(model, provider=None):\n    assert provider == \"custom:liuzheng\"\n    return {\n        \"provider\": \"custom\",\n        \"base_url\": \"https://custom.example/v1\",\n        \"api_key\": \"same-key\",\n        \"api_mode\": \"chat_completions\",\n    }\n\nbridge._resolve_runtime = fake_resolve_runtime\npool, _fake_db = make_pool()\n\nclass SwitchableAgent:\n    def __init__(self):\n        self.model = \"same-model\"\n        self.provider = \"custom\"\n        self.base_url = \"https://custom.example/v1\"\n        self.api_key = \"same-key\"\n        self.api_mode = \"chat_completions\"\n        self.switch_calls = []\n\n    def switch_model(self, **kwargs):\n        self.switch_calls.append(kwargs)\n\nagent = SwitchableAgent()\nsession = bridge.AgentSession(\n    session_id=\"session-custom-alias\",\n    agent=agent,\n    config={\"profile\": \"default\", \"model\": \"same-model\", \"provider\": \"custom\"},\n)\npool._sessions[\"session-custom-alias\"] = session\n\nresult = pool.switch_session_model(\n    \"session-custom-alias\", \"same-model\", \"custom:liuzheng\", \"default\",\n)\n\nassert result[\"switched\"] is True\nassert agent.switch_calls == []\nassert session.config[\"model\"] == \"same-model\"\nassert session.config[\"provider\"] == \"custom:liuzheng\"\nassert session.config[\"base_url\"] == \"https://custom.example/v1\"\n\n    at runPython (G:\\AIproject\\longxia_keli\\hermes-web-ui\\tests\\server\\agent-bridge-python-concurrency.test.ts:13:11)\n    at G:\\AIproject\\longxia_keli\\hermes-web-ui\\tests\\server\\agent-bridge-python-concurrency.test.ts:273:5\n    at file:///G:/AIproject/longxia_keli/hermes-web-ui/node_modules/@vitest/runner/dist/chunk-hooks.js:155:11\n    at file:///G:/AIproject/longxia_keli/hermes-web-ui/node_modules/@vitest/runner/dist/chunk-hooks.js:752:26\n    at file:///G:/AIproject/longxia_keli/hermes-web-ui/node_modules/@vitest/runner/dist/chunk-hooks.js:1897:20\n    at new Promise (<anonymous>)\n    at runWithTimeout (file:///G:/AIproject/longxia_keli/hermes-web-ui/node_modules/@vitest/runner/dist/chunk-hooks.js:1863:10)\n    at runTest (file:///G:/AIproject/longxia_keli/hermes-web-ui/node_modules/@vitest/runner/dist/chunk-hooks.js:1574:12)\n    at processTicksAndRejections (node:internal/process/task_queues:104:5)\n    at runSuite (file:///G:/AIproject/longxia_keli/hermes-web-ui/node_modules/@vitest/runner/dist/chunk-hooks.js:1729:8)"],"meta":{}},{"ancestorTitles":["agent bridge Python session concurrency"],"fullName":"agent bridge Python session concurrency rebuilds an idle agent when credentials change under the same runtime","status":"failed","title":"rebuilds an idle agent when credentials change under the same runtime","duration":275.26150000000007,"failureMessages":["Error: Command failed: python3 -c \n\nimport contextvars\nimport importlib.util\nimport json\nimport os\nimport sys\nimport threading\nimport time\nimport types\nfrom pathlib import Path\n\nos.environ[\"HERMES_AGENT_BRIDGE_WORKER_PROFILE\"] = \"default\"\n\ntools_pkg = types.ModuleType(\"tools\")\ntools_pkg.__path__ = []\nsys.modules[\"tools\"] = tools_pkg\n\nterminal_tool = types.ModuleType(\"tools.terminal_tool\")\nterminal_tool._callback_tls = threading.local()\n\ndef set_approval_callback(callback):\n    terminal_tool._callback_tls.callback = callback\n\ndef _get_approval_callback():\n    return getattr(terminal_tool._callback_tls, \"callback\", None)\n\nterminal_tool.set_approval_callback = set_approval_callback\nterminal_tool._get_approval_callback = _get_approval_callback\nterminal_tool._task_env_overrides = {}\n\ndef register_task_env_overrides(task_id, overrides):\n    terminal_tool._task_env_overrides[task_id] = dict(overrides or {})\n\nterminal_tool.register_task_env_overrides = register_task_env_overrides\nsys.modules[\"tools.terminal_tool\"] = terminal_tool\n\nagent_pkg = types.ModuleType(\"agent\")\nagent_pkg.__path__ = []\nsys.modules[\"agent\"] = agent_pkg\n\nruntime_cwd = types.ModuleType(\"agent.runtime_cwd\")\nruntime_cwd._cwd = contextvars.ContextVar(\"runtime_cwd\", default=\"\")\nruntime_cwd._cleared = []\n\ndef set_session_cwd(cwd):\n    runtime_cwd._cwd.set(cwd or \"\")\n\ndef clear_session_cwd():\n    runtime_cwd._cleared.append(runtime_cwd._cwd.get())\n    runtime_cwd._cwd.set(\"\")\n\ndef resolve_agent_cwd():\n    return runtime_cwd._cwd.get()\n\nruntime_cwd.set_session_cwd = set_session_cwd\nruntime_cwd.clear_session_cwd = clear_session_cwd\nruntime_cwd.resolve_agent_cwd = resolve_agent_cwd\nsys.modules[\"agent.runtime_cwd\"] = runtime_cwd\n\napproval = types.ModuleType(\"tools.approval\")\napproval._session_key = contextvars.ContextVar(\"approval_session_key\", default=\"\")\napproval._notify = {}\napproval._resolved_gateway = []\napproval._session_approved = {}\napproval._permanent_approved = set()\napproval._saved_permanent = set()\napproval._check_execute_code_calls = []\n\ndef set_current_session_key(session_key):\n    return approval._session_key.set(session_key or \"\")\n\ndef reset_current_session_key(token):\n    approval._session_key.reset(token)\n\ndef get_current_session_key(default=\"\"):\n    return approval._session_key.get() or default\n\ndef register_gateway_notify(session_key, callback):\n    approval._notify[session_key] = callback\n\ndef unregister_gateway_notify(session_key):\n    approval._notify.pop(session_key, None)\n\ndef resolve_gateway_approval(session_key, choice):\n    approval._resolved_gateway.append((session_key, choice))\n    return 1\n\ndef is_approved(session_key, pattern_key):\n    return (\n        pattern_key in approval._permanent_approved or\n        pattern_key in approval._session_approved.get(session_key, set())\n    )\n\ndef approve_session(session_key, pattern_key):\n    approval._session_approved.setdefault(session_key, set()).add(pattern_key)\n\ndef approve_permanent(pattern_key):\n    approval._permanent_approved.add(pattern_key)\n\ndef save_permanent_allowlist(patterns):\n    approval._saved_permanent = set(patterns)\n\ndef load_permanent_allowlist():\n    return set(approval._permanent_approved)\n\ndef check_execute_code_guard(code, env_type, has_host_access=False):\n    approval._check_execute_code_calls.append((code, env_type, has_host_access))\n    return {\"approved\": False, \"message\": \"upstream prompt\"}\n\napproval.set_current_session_key = set_current_session_key\napproval.reset_current_session_key = reset_current_session_key\napproval.get_current_session_key = get_current_session_key\napproval.register_gateway_notify = register_gateway_notify\napproval.unregister_gateway_notify = unregister_gateway_notify\napproval.resolve_gateway_approval = resolve_gateway_approval\napproval.is_approved = is_approved\napproval.approve_session = approve_session\napproval.approve_permanent = approve_permanent\napproval.save_permanent_allowlist = save_permanent_allowlist\napproval.load_permanent_allowlist = load_permanent_allowlist\napproval.check_execute_code_guard = check_execute_code_guard\nsys.modules[\"tools.approval\"] = approval\n\npath = Path(\"packages/server/src/services/hermes/agent-bridge/python/hermes_bridge.py\")\nspec = importlib.util.spec_from_file_location(\"hermes_bridge\", path)\nbridge = importlib.util.module_from_spec(spec)\nsys.modules[spec.name] = bridge\nspec.loader.exec_module(bridge)\n\nclass FakeDb:\n    def __init__(self):\n        self.lock = threading.Lock()\n        self.messages = {}\n        self.sessions = set()\n\n    def create_session(self, session_id, **kwargs):\n        with self.lock:\n            self.sessions.add(session_id)\n            self.messages.setdefault(session_id, [])\n\n    def get_messages(self, session_id):\n        with self.lock:\n            return list(self.messages.get(session_id, []))\n\n    def append_message(self, session_id, role, content=None, **kwargs):\n        with self.lock:\n            self.messages.setdefault(session_id, []).append({\n                \"role\": role,\n                \"content\": content,\n                **kwargs,\n            })\n\nclass FakeDbHolder:\n    error = None\n\n    def __init__(self, db):\n        self.db = db\n\n    def get_for_profile(self, profile):\n        return self.db\n\ndef make_pool():\n    pool = bridge.AgentPool()\n    fake_db = FakeDb()\n    pool._db = FakeDbHolder(fake_db)\n    return pool, fake_db\n\ndef start_manual_run(pool, session_id, agent, message=None, workspace=None):\n    session = bridge.AgentSession(session_id=session_id, agent=agent)\n    run_id = f\"run-{session_id}\"\n    record = bridge.RunRecord(run_id=run_id, session_id=session_id)\n    session.running = True\n    session.current_run_id = run_id\n    with pool._lock:\n        pool._sessions[session_id] = session\n        pool._runs[run_id] = record\n    thread = threading.Thread(\n        target=pool._run_chat,\n        args=(session, record, message or f\"message:{session_id}\", None, None, [], \"default\", False, workspace, \"api_server\"),\n        daemon=True,\n    )\n    thread.start()\n    return session, record, thread\n\ndef wait_for(condition, timeout=20):\n    d
[...]
node_modules/@vitest/runner/dist/chunk-hooks.js:752:20"],"meta":{}},{"ancestorTitles":["user avatar storage and controller","updateMyAvatar controller"],"fullName":"user avatar storage and controller updateMyAvatar controller rejects an image payload whose dataUrl is not a data URL with HTTP 400","status":"failed","title":"rejects an image payload whose dataUrl is not a data URL with HTTP 400","duration":357.09280000000035,"failureMessages":["TypeError: Cannot read properties of null (reading 'id')\n    at G:\\AIproject\\longxia_keli\\hermes-web-ui\\tests\\server\\user-avatar.test.ts:232:21\n    at processTicksAndRejections (node:internal/process/task_queues:104:5)\n    at file:///G:/AIproject/longxia_keli/hermes-web-ui/node_modules/@vitest/runner/dist/chunk-hooks.js:752:20"],"meta":{}},{"ancestorTitles":["user avatar storage and controller","updateMyAvatar controller"],"fullName":"user avatar storage and controller updateMyAvatar controller rejects a non-object body with HTTP 400","status":"passed","title":"rejects a non-object body with HTTP 400","duration":460.99119999999857,"failureMessages":[],"meta":{}},{"ancestorTitles":["user avatar storage and controller","updateMyAvatar controller"],"fullName":"user avatar storage and controller updateMyAvatar controller rejects a malformed JSON string in the avatar field with HTTP 400","status":"passed","title":"rejects a malformed JSON string in the avatar field with HTTP 400","duration":297.91489999999976,"failureMessages":[],"meta":{}},{"ancestorTitles":["user avatar storage and controller","updateMyAvatar controller"],"fullName":"user avatar storage and controller updateMyAvatar controller rejects a non-string seed with HTTP 400","status":"passed","title":"rejects a non-string seed with HTTP 400","duration":431.6827000000012,"failureMessages":[],"meta":{}},{"ancestorTitles":["user avatar storage and controller","updateMyAvatar controller"],"fullName":"user avatar storage and controller updateMyAvatar controller returns 401 when the request is unauthenticated","status":"passed","title":"returns 401 when the request is unauthenticated","duration":666.9750999999997,"failureMessages":[],"meta":{}}],"startTime":1785317138254,"endTime":1785317147998.975,"status":"failed","message":"","name":"G:/AIproject/longxia_keli/hermes-web-ui/tests/server/user-avatar.test.ts"},{"assertionResults":[{"ancestorTitles":["verify-terminal-runtime"],"fullName":"verify-terminal-runtime accepts a bundle that contains the terminal runtime markers","status":"passed","title":"accepts a bundle that contains the terminal runtime markers","duration":6.414600000000064,"failureMessages":[],"meta":{}},{"ancestorTitles":["verify-terminal-runtime"],"fullName":"verify-terminal-runtime fails fast when a built bundle is missing terminal runtime markers","status":"passed","title":"fails fast when a built bundle is missing terminal runtime markers","duration":4.512899999999945,"failureMessages":[],"meta":{}}],"startTime":1785317158728,"endTime":1785317158738.513,"status":"passed","message":"","name":"G:/AIproject/longxia_keli/hermes-web-ui/tests/server/verify-terminal-runtime.test.ts"},{"assertionResults":[{"ancestorTitles":["update version compare"],"fullName":"update version compare parses plain and v-prefixed semver values","status":"passed","title":"parses plain and v-prefixed semver values","duration":2.9664999999999964,"failureMessages":[],"meta":{}},{"ancestorTitles":["update version compare"],"fullName":"update version compare returns false for invalid versions","status":"passed","title":"returns false for invalid versions","duration":0.6050000000000182,"failureMessages":[],"meta":{}},{"ancestorTitles":["update version compare"],"fullName":"update version compare compares major, minor, and patch components","status":"passed","title":"compares major, minor, and patch components","duration":0.45460000000002765,"failureMessages":[],"meta":{}}],"startTime":1785317159909,"endTime":1785317159912.605,"status":"passed","message":"","name":"G:/AIproject/longxia_keli/hermes-web-ui/tests/server/version-compare.test.ts"},{"assertionResults":[{"ancestorTitles":["vite proxy config"],"fullName":"vite proxy config strips browser origin headers from proxied http and websocket requests","status":"passed","title":"strips browser origin headers from proxied http and websocket requests","duration":2.188099999999963,"failureMessages":[],"meta":{}}],"startTime":1785317160024,"endTime":1785317160026.188,"status":"passed","message":"","name":"G:/AIproject/longxia_keli/hermes-web-ui/tests/server/vite-proxy-config.test.ts"},{"assertionResults":[{"ancestorTitles":["weixin controller"],"fullName":"weixin controller saves scanned Weixin credentials to the request-scoped profile env only","status":"passed","title":"saves scanned Weixin credentials to the request-scoped profile env only","duration":731.8774999999999,"failureMessages":[],"meta":{}},{"ancestorTitles":["weixin controller"],"fullName":"weixin controller rejects missing required credentials without touching the profile env","status":"passed","title":"rejects missing required credentials without touching the profile env","duration":177.7168999999999,"failureMessages":[],"meta":{}},{"ancestorTitles":["weixin controller"],"fullName":"weixin controller saves scanned Weixin credentials without restarting when gateway auto-start is disabled","status":"passed","title":"saves scanned Weixin credentials without restarting when gateway auto-start is disabled","duration":97.02799999999979,"failureMessages":[],"meta":{}}],"startTime":1785317150425,"endTime":1785317151432.028,"status":"passed","message":"","name":"G:/AIproject/longxia_keli/hermes-web-ui/tests/server/weixin-controller.test.ts"},{"assertionResults":[{"ancestorTitles":["workflow controller"],"fullName":"workflow controller lists run records for a workflow","status":"passed","title":"lists run records for a workflow","duration":596.1178,"failureMessages":[],"meta":{}},{"ancestorTitles":["workflow controller"],"fullName":"workflow controller runs a workflow through the workflow manager","status":"passed","title":"runs a workflow through the workflow manager","duration":2.4628000000000156,"failureMessages":[],"meta":{}},{"ancestorTitles":["workflow controller"],"fullName":"workflow controller stops a workflow run through the workflow manager","status":"passed","title":"stops a workflow run through the workflow manager","duration":1.1766000000000076,"failureMessages":[],"meta":{}},{"ancestorTitles":["workflow controller"],"fullName":"workflow controller reruns a workflow run from a node through the workflow manager","status":"passed","title":"reruns a workflow run from a node through the workflow manager","duration":1.3645000000001346,"failureMessages":[],"meta":{}},{"ancestorTitles":["workflow controller"],"fullName":"workflow controller deletes a workflow run through the workflow manager","status":"passed","title":"deletes a workflow run through the workflow manager","duration":0.9553999999998268,"failureMessages":[],"meta":{}},{"ancestorTitles":["workflow controller"],"fullName":"workflow controller approves a pending workflow node through the workflow manager","status":"passed","title":"approves a pending workflow node through the workflow manager","duration":1.2001999999999953,"failureMessages":[],"meta":{}},{"ancestorTitles":["workflow controller"],"fullName":"workflow controller records a workflow node rejection without stopping the run immediately","status":"passed","title":"records a workflow node rejection without stopping the run immediately","duration":0.8773000000001048,"failureMessages":[],"meta":{}},{"ancestorTitles":["workflow controller"],"fullName":"workflow controller rejects workflow runs for unavailable profiles","status":"passed","title":"rejects workflow runs for unavailable profiles","duration":0.7667000000001281,"failureMessages":[],"meta":{}}],"startTime":1785317154565,"endTime":1785317155170.7666,"status":"passed","message":"","name":"G:/AIproject/longxia_keli/hermes-web-ui/tests/server/workflow-controller.test.ts"},{"assertionResults":[{"ancestorTitles":["workflow manager"],"fullName":"workflow manager returns a server-wide singleton instance","status":"passed","title":"returns a server-wide singleton instance","duration":1417.0934000000002,"failureMessages":[],"meta":{}},{"ancestorTitles":["workflow manager"],"fullName":"workflow manager stores and emits workflow runtime status updates","status":"passed","title":"stores and emits workflow runtime status updates","duration":3.1067000000002736,"failureMessages":[],"meta":{}},{"ancestorTitles":["workflow manager"],"fullName":"workflow manager maps workflow node agents to the existing run backends","status":"passed","title":"maps workflow node agents to the existing run backends","duration":1.086500000000342,"failureMessages":[],"meta":{}},{"ancestorTitles":["workflow manager"],"fullName":"workflow manager requires workflow node approval only when explicitly enabled","status":"passed","title":"requires workflow node approval only when explicitly enabled","duration":0.701799999999821,"failureMessages":[],"meta":{}},{"ancestorTitles":["workflow manager"],"fullName":"workflow manager pauses downstream nodes until an approval-required node is approved","status":"passed","title":"pauses downstream nodes until an approval-required node is approved","duration":139.38410000000022,"failureMessages":[],"meta":{}},{"ancestorTitles":["workflow manager"],"fullName":"workflow manager keeps parallel pending approvals open after one node is rejected","status":"passed","title":"keeps parallel pending approvals open after one node is rejected","duration":133.59529999999995,"failureMessages":[],"meta":{}},{"ancestorTitles":["workflow manager"],"fullName":"workflow manager reruns incomplete external upstream dependencies for downstream joins","status":"passed","title":"reruns incomplete external upstream dependencies for downstream joins","duration":51.24440000000004,"failureMessages":[],"meta":{}}],"startTime":1785317148375,"endTime":1785317150122.2444,"status":"passed","message":"","name":"G:/AIproject/longxia_keli/hermes-web-ui/tests/server/workflow-manager.test.ts"},{"assertionResults":[{"ancestorTitles":["workflow store"],"fullName":"workflow store creates workflows with a profile-scoped default workspace","status":"passed","title":"creates workflows with a profile-scoped default workspace","duration":684.9907999999999,"failureMessages":[],"meta":{}},{"ancestorTitles":["workflow store"],"fullName":"workflow store updates and deletes workflows","status":"passed","title":"updates and deletes workflows","duration":670.3054999999999,"failureMessages":[],"meta":{}},{"ancestorTitles":["workflow store"],"fullName":"workflow store lists workflow runs by workflow ordered newest first","status":"passed","title":"lists workflow runs by workflow ordered newest first","duration":927.3445000000002,"failureMessages":[],"meta":{}},{"ancestorTitles":["workflow store"],"fullName":"workflow store deletes workflow runs and their node session records","status":"passed","title":"deletes workflow runs and their node session records","duration":570.9051999999997,"failureMessages":[],"meta":{}}],"startTime":1785317145996,"endTime":1785317148849.9053,"status":"passed","message":"","name":"G:/AIproject/longxia_keli/hermes-web-ui/tests/server/workflow-store.test.ts"},{"assertionResults":[{"ancestorTitles":["workspace diff tracker"],"fullName":"workspace diff tracker records only files changed during the run when the repo was already dirty","status":"passed","title":"records only files changed during the run when the repo was already dirty","duration":3496.7909,"failureMessages":[],"meta":{}},{"ancestorTitles":["workspace diff tracker"],"fullName":"workspace diff tracker records added, modified, and deleted files in non-git workspaces","status":"passed","title":"records added, modified, and deleted files in non-git workspaces","duration":2366.2191999999995,"failureMessages":[],"meta":{}},{"ancestorTitles":["workspace diff tracker"],"fullName":"workspace diff tracker skips empty zero-byte file changes in non-git workspaces","status":"passed","title":"skips empty zero-byte file changes in non-git workspaces","duration":1951.342999999999,"failureMessages":[],"meta":{}},{"ancestorTitles":["workspace diff tracker"],"fullName":"workspace diff tracker does not save zero-line diffs that are not covered by filename filters","status":"passed","title":"does not save zero-line diffs that are not covered by filename filters","duration":1617.7561999999998,"failureMessages":[],"meta":{}},{"ancestorTitles":["workspace diff tracker"],"fullName":"workspace diff tracker skips SQLite WAL and SHM sidecar files in non-git workspaces","status":"passed","title":"skips SQLite WAL and SHM sidecar files in non-git workspaces","duration":1812.268,"failureMessages":[],"meta":{}},{"ancestorTitles":["workspace diff tracker"],"fullName":"workspace diff tracker skips SQLite WAL and SHM sidecar files in git workspaces","status":"passed","title":"skips SQLite WAL and SHM sidecar files in git workspaces","duration":2287.8477999999996,"failureMessages":[],"meta":{}},{"ancestorTitles":["workspace diff tracker"],"fullName":"workspace diff tracker records newly created ordinary files even when many unchanged files already exist in non-git workspaces","status":"passed","title":"records newly created ordinary files even when many unchanged files already exist in non-git workspaces","duration":2086.4350000000013,"failureMessages":[],"meta":{}},{"ancestorTitles":["workspace diff tracker"],"fullName":"workspace diff tracker skips common language dependency and build directories in non-git workspaces","status":"passed","title":"skips common language dependency and build directories in non-git workspaces","duration":1824.8917000000001,"failureMessages":[],"meta":{}}],"startTime":1785317141796,"endTime":1785317159239.8916,"status":"passed","message":"","name":"G:/AIproject/longxia_keli/hermes-web-ui/tests/server/workspace-diff-tracker.test.ts"},{"assertionResults":[{"ancestorTitles":["workspace path validation"],"fullName":"workspace path validation resolves valid folders under the configured base","status":"passed","title":"resolves valid folders under the configured base","duration":294.80099999999993,"failureMessages":[],"meta":{}},{"ancestorTitles":["workspace path validation"],"fullName":"workspace path validation rejects traversal outside the base","status":"passed","title":"rejects traversal outside the base","duration":122.32089999999994,"failureMessages":[],"meta":{}},{"ancestorTitles":["workspace path validation"],"fullName":"workspace path validation rejects files and empty strings as workspace folders","status":"passed","title":"rejects files and empty strings as workspace folders","duration":26.835099999999784,"failureMessages":[],"meta":{}},{"ancestorTitles":["workspace path validation"],"fullName":"workspace path validation normalizes native Windows drive paths when drive mode is active","status":"passed","title":"normalizes native Windows drive paths when drive mode is active","duration":241.29589999999985,"failureMessages":[],"meta":{}},{"ancestorTitles":["workspace path validation"],"fullName":"workspace path validation requires realpath containment on Windows when WORKSPACE_BASE is configured","status":"passed","title":"requires realpath containment on Windows when WORKSPACE_BASE is configured","duration":237.8352,"failureMessages":[],"meta":{}},{"ancestorTitles":["workspace path validation"],"fullName":"workspace path validation keeps Windows drive-root mode listable without a configured base","status":"passed","title":"keeps Windows drive-root mode listable without a configured base","duration":84.64350000000013,"failureMessages":[],"meta":{}}],"startTime":1785317154713,"endTime":1785317155720.6436,"status":"passed","message":"","name":"G:/AIproject/longxia_keli/hermes-web-ui/tests/server/workspace-path.test.ts"},{"assertionResults":[{"ancestorTitles":["write gate service"],"fullName":"write gate service lists pending memory and skill records from the active profile","status":"passed","title":"lists pending memory and skill records from the active profile","duration":370.8107,"failureMessages":[],"meta":{}},{"ancestorTitles":["write gate service"],"fullName":"write gate service rejects unsafe subsystem and pending ids before running Hermes Python","status":"passed","title":"rejects unsafe subsystem and pending ids before running Hermes Python","duration":46.18549999999982,"failureMessages":[],"meta":{}},{"ancestorTitles":["write gate service"],"fullName":"write gate service detects write approval support from a uv-backed Hermes venv shebang","status":"failed","title":"detects write approval support from a uv-backed Hermes venv shebang","duration":27.860000000000127,"failureMessages":["Error: EPERM: operation not permitted, symlink 'C:\\Users\\DELL\\AppData\\Local\\Temp\\hermes-write-gate-jrt9tj\\uv-python\\bin\\python3' -> 'C:\\Users\\DELL\\AppData\\Local\\Temp\\hermes-write-gate-jrt9tj\\agent\\venv\\bin\\python3'\n    at symlink (node:internal/fs/promises:999:10)\n    at G:\\AIproject\\longxia_keli\\hermes-web-ui\\tests\\server\\write-gate-service.test.ts:89:5\n    at file:///G:/AIproject/longxia_keli/hermes-web-ui/node_modules/@vitest/runner/dist/chunk-hooks.js:752:20"],"meta":{}},{"ancestorTitles":["write gate service"],"fullName":"write gate service detects write approval support from a Windows-style venv Scripts executable path","status":"passed","title":"detects write approval support from a Windows-style venv Scripts executable path","duration":154.2840000000001,"failureMessages":[],"meta":{}},{"ancestorTitles":["write gate service"],"fullName":"write gate service detects write approval support from a pip-installed runtime Python","status":"failed","title":"detects write approval support from a pip-installed runtime Python","duration":41.59050000000002,"failureMessages":["AssertionError: expected false to be true // Object.is equality\n    at G:\\AIproject\\longxia_keli\\hermes-web-ui\\tests\\server\\write-gate-service.test.ts:137:36\n    at processTicksAndRejections (node:internal/process/task_queues:104:5)\n    at file:///G:/AIproject/longxia_keli/hermes-web-ui/node_modules/@vitest/runner/dist/chunk-hooks.js:752:20"],"meta":{}}],"startTime":1785317139725,"endTime":1785317140365.5906,"status":"failed","message":"","name":"G:/AIproject/longxia_keli/hermes-web-ui/tests/server/write-gate-service.test.ts"},{"assertionResults":[{"ancestorTitles":["xAI auth controller"],"fullName":"xAI auth controller does not keep a non-xAI model when switching the default provider to xai-oauth","status":"passed","title":"does not keep a non-xAI model when switching the default provider to xai-oauth","duration":4.990800000000036,"failureMessages":[],"meta":{}},{"ancestorTitles":["xAI auth controller"],"fullName":"xAI auth controller preserves an existing Grok model when refreshing xai-oauth credentials","status":"passed","title":"preserves an existing Grok model when refreshing xai-oauth credentials","duration":2.435999999999922,"failureMessages":[],"meta":{}},{"ancestorTitles":["xAI auth controller"],"fullName":"xAI auth controller persists OAuth credentials and default model in the request-scoped profile only","status":"passed","title":"persists OAuth credentials and default model in the request-scoped profile only","duration":49.627100000000155,"failureMessages":[],"meta":{}},{"ancestorTitles":["xAI auth controller"],"fullName":"xAI auth controller checks xAI OAuth status against the request-scoped profile","status":"passed","title":"checks xAI OAuth status against the request-scoped profile","duration":9.839099999999917,"failureMessages":[],"meta":{}}],"startTime":1785317157558,"endTime":1785317157624.839,"status":"passed","message":"","name":"G:/AIproject/longxia_keli/hermes-web-ui/tests/server/xai-auth-controller.test.ts"}]}